{"E:\\Tasks\\books\\app.js": {"path":"E:\\Tasks\\books\\app.js","statementMap":{"0":{"start":{"line":1,"column":16},"end":{"line":1,"column":34}},"1":{"start":{"line":2,"column":15},"end":{"line":2,"column":32}},"2":{"start":{"line":3,"column":13},"end":{"line":3,"column":36}},"3":{"start":{"line":4,"column":11},"end":{"line":4,"column":24}},"4":{"start":{"line":5,"column":13},"end":{"line":5,"column":28}},"5":{"start":{"line":6,"column":12},"end":{"line":6,"column":26}},"6":{"start":{"line":8,"column":12},"end":{"line":8,"column":21}},"7":{"start":{"line":10,"column":0},"end":{"line":10,"column":48}},"8":{"start":{"line":11,"column":0},"end":{"line":11,"column":28}},"9":{"start":{"line":13,"column":0},"end":{"line":13,"column":24}},"10":{"start":{"line":16,"column":22},"end":{"line":18,"column":2}},"11":{"start":{"line":19,"column":0},"end":{"line":19,"column":57}},"12":{"start":{"line":21,"column":0},"end":{"line":21,"column":23}},"13":{"start":{"line":23,"column":0},"end":{"line":23,"column":21}},"14":{"start":{"line":25,"column":13},"end":{"line":25,"column":37}},"15":{"start":{"line":26,"column":15},"end":{"line":28,"column":1}},"16":{"start":{"line":27,"column":2},"end":{"line":27,"column":53}},"17":{"start":{"line":30,"column":0},"end":{"line":30,"column":24}}},"fnMap":{"0":{"name":"(anonymous_0)","decl":{"start":{"line":26,"column":32},"end":{"line":26,"column":33}},"loc":{"start":{"line":27,"column":2},"end":{"line":27,"column":53}},"line":27}},"branchMap":{"0":{"loc":{"start":{"line":25,"column":13},"end":{"line":25,"column":37}},"type":"binary-expr","locations":[{"start":{"line":25,"column":13},"end":{"line":25,"column":29}},{"start":{"line":25,"column":33},"end":{"line":25,"column":37}}],"line":25}},"s":{"0":3,"1":3,"2":3,"3":3,"4":3,"5":3,"6":3,"7":3,"8":3,"9":3,"10":3,"11":3,"12":3,"13":3,"14":3,"15":3,"16":3,"17":3},"f":{"0":3},"b":{"0":[3,3]},"_coverageSchema":"332fd63041d2c1bcb487cc26dd0d5f7d97098a6c","hash":"1bd89b8a77b1a6f10f56f5a25522b67c74f86288"}
,"E:\\Tasks\\books\\api\\controllers\\authorcontroller.js": {"path":"E:\\Tasks\\books\\api\\controllers\\authorcontroller.js","statementMap":{"0":{"start":{"line":7,"column":4},"end":{"line":7,"column":31}},"1":{"start":{"line":9,"column":0},"end":{"line":33,"column":2}},"2":{"start":{"line":10,"column":2},"end":{"line":32,"column":3}},"3":{"start":{"line":15,"column":18},"end":{"line":19,"column":5}},"4":{"start":{"line":20,"column":26},"end":{"line":20,"column":51}},"5":{"start":{"line":21,"column":4},"end":{"line":24,"column":7}},"6":{"start":{"line":26,"column":4},"end":{"line":26,"column":19}},"7":{"start":{"line":27,"column":4},"end":{"line":31,"column":7}},"8":{"start":{"line":35,"column":0},"end":{"line":57,"column":2}},"9":{"start":{"line":36,"column":2},"end":{"line":56,"column":3}},"10":{"start":{"line":37,"column":17},"end":{"line":37,"column":52}},"11":{"start":{"line":38,"column":4},"end":{"line":44,"column":5}},"12":{"start":{"line":39,"column":6},"end":{"line":42,"column":9}},"13":{"start":{"line":43,"column":6},"end":{"line":43,"column":13}},"14":{"start":{"line":45,"column":4},"end":{"line":48,"column":7}},"15":{"start":{"line":50,"column":4},"end":{"line":50,"column":19}},"16":{"start":{"line":51,"column":4},"end":{"line":55,"column":7}},"17":{"start":{"line":59,"column":0},"end":{"line":89,"column":2}},"18":{"start":{"line":60,"column":2},"end":{"line":88,"column":3}},"19":{"start":{"line":61,"column":17},"end":{"line":61,"column":54}},"20":{"start":{"line":62,"column":4},"end":{"line":76,"column":5}},"21":{"start":{"line":65,"column":6},"end":{"line":68,"column":9}},"22":{"start":{"line":69,"column":6},"end":{"line":69,"column":13}},"23":{"start":{"line":70,"column":11},"end":{"line":76,"column":5}},"24":{"start":{"line":71,"column":6},"end":{"line":74,"column":9}},"25":{"start":{"line":75,"column":6},"end":{"line":75,"column":13}},"26":{"start":{"line":77,"column":4},"end":{"line":80,"column":7}},"27":{"start":{"line":82,"column":4},"end":{"line":82,"column":19}},"28":{"start":{"line":83,"column":4},"end":{"line":87,"column":7}},"29":{"start":{"line":91,"column":0},"end":{"line":120,"column":2}},"30":{"start":{"line":92,"column":2},"end":{"line":119,"column":3}},"31":{"start":{"line":93,"column":19},"end":{"line":93,"column":32}},"32":{"start":{"line":94,"column":24},"end":{"line":94,"column":66}},"33":{"start":{"line":95,"column":4},"end":{"line":107,"column":5}},"34":{"start":{"line":96,"column":6},"end":{"line":99,"column":9}},"35":{"start":{"line":100,"column":6},"end":{"line":100,"column":13}},"36":{"start":{"line":101,"column":11},"end":{"line":107,"column":5}},"37":{"start":{"line":102,"column":6},"end":{"line":105,"column":9}},"38":{"start":{"line":106,"column":6},"end":{"line":106,"column":13}},"39":{"start":{"line":108,"column":4},"end":{"line":111,"column":7}},"40":{"start":{"line":113,"column":4},"end":{"line":113,"column":19}},"41":{"start":{"line":114,"column":4},"end":{"line":118,"column":7}},"42":{"start":{"line":122,"column":0},"end":{"line":149,"column":2}},"43":{"start":{"line":123,"column":2},"end":{"line":148,"column":3}},"44":{"start":{"line":124,"column":17},"end":{"line":128,"column":5}},"45":{"start":{"line":129,"column":20},"end":{"line":129,"column":46}},"46":{"start":{"line":130,"column":4},"end":{"line":136,"column":5}},"47":{"start":{"line":131,"column":6},"end":{"line":134,"column":9}},"48":{"start":{"line":135,"column":6},"end":{"line":135,"column":13}},"49":{"start":{"line":137,"column":4},"end":{"line":140,"column":7}},"50":{"start":{"line":142,"column":4},"end":{"line":142,"column":19}},"51":{"start":{"line":143,"column":4},"end":{"line":147,"column":7}}},"fnMap":{"0":{"name":"(anonymous_0)","decl":{"start":{"line":9,"column":24},"end":{"line":9,"column":25}},"loc":{"start":{"line":9,"column":49},"end":{"line":33,"column":1}},"line":9},"1":{"name":"(anonymous_1)","decl":{"start":{"line":35,"column":21},"end":{"line":35,"column":22}},"loc":{"start":{"line":35,"column":46},"end":{"line":57,"column":1}},"line":35},"2":{"name":"(anonymous_2)","decl":{"start":{"line":59,"column":24},"end":{"line":59,"column":25}},"loc":{"start":{"line":59,"column":49},"end":{"line":89,"column":1}},"line":59},"3":{"name":"(anonymous_3)","decl":{"start":{"line":91,"column":24},"end":{"line":91,"column":25}},"loc":{"start":{"line":91,"column":49},"end":{"line":120,"column":1}},"line":91},"4":{"name":"(anonymous_4)","decl":{"start":{"line":122,"column":24},"end":{"line":122,"column":25}},"loc":{"start":{"line":122,"column":49},"end":{"line":149,"column":1}},"line":122}},"branchMap":{"0":{"loc":{"start":{"line":38,"column":4},"end":{"line":44,"column":5}},"type":"if","locations":[{"start":{"line":38,"column":4},"end":{"line":44,"column":5}},{"start":{"line":38,"column":4},"end":{"line":44,"column":5}}],"line":38},"1":{"loc":{"start":{"line":62,"column":4},"end":{"line":76,"column":5}},"type":"if","locations":[{"start":{"line":62,"column":4},"end":{"line":76,"column":5}},{"start":{"line":62,"column":4},"end":{"line":76,"column":5}}],"line":62},"2":{"loc":{"start":{"line":70,"column":11},"end":{"line":76,"column":5}},"type":"if","locations":[{"start":{"line":70,"column":11},"end":{"line":76,"column":5}},{"start":{"line":70,"column":11},"end":{"line":76,"column":5}}],"line":70},"3":{"loc":{"start":{"line":95,"column":4},"end":{"line":107,"column":5}},"type":"if","locations":[{"start":{"line":95,"column":4},"end":{"line":107,"column":5}},{"start":{"line":95,"column":4},"end":{"line":107,"column":5}}],"line":95},"4":{"loc":{"start":{"line":101,"column":11},"end":{"line":107,"column":5}},"type":"if","locations":[{"start":{"line":101,"column":11},"end":{"line":107,"column":5}},{"start":{"line":101,"column":11},"end":{"line":107,"column":5}}],"line":101},"5":{"loc":{"start":{"line":130,"column":4},"end":{"line":136,"column":5}},"type":"if","locations":[{"start":{"line":130,"column":4},"end":{"line":136,"column":5}},{"start":{"line":130,"column":4},"end":{"line":136,"column":5}}],"line":130}},"s":{"0":3,"1":3,"2":2,"3":2,"4":2,"5":2,"6":0,"7":0,"8":3,"9":2,"10":2,"11":2,"12":1,"13":1,"14":1,"15":0,"16":0,"17":3,"18":3,"19":3,"20":3,"21":1,"22":1,"23":2,"24":1,"25":1,"26":1,"27":0,"28":0,"29":3,"30":6,"31":6,"32":6,"33":5,"34":1,"35":1,"36":4,"37":1,"38":1,"39":3,"40":1,"41":1,"42":3,"43":4,"44":4,"45":4,"46":3,"47":2,"48":2,"49":1,"50":1,"51":1},"f":{"0":2,"1":2,"2":3,"3":6,"4":4},"b":{"0":[1,1],"1":[1,2],"2":[1,1],"3":[1,4],"4":[1,3],"5":[2,1]},"_coverageSchema":"332fd63041d2c1bcb487cc26dd0d5f7d97098a6c","hash":"a38c5bbea27dd87a67427a661c947108cb8edeb7"}
,"E:\\Tasks\\books\\api\\controllers\\bookController.js": {"path":"E:\\Tasks\\books\\api\\controllers\\bookController.js","statementMap":{"0":{"start":{"line":7,"column":4},"end":{"line":7,"column":29}},"1":{"start":{"line":9,"column":0},"end":{"line":34,"column":2}},"2":{"start":{"line":10,"column":2},"end":{"line":33,"column":3}},"3":{"start":{"line":15,"column":18},"end":{"line":20,"column":5}},"4":{"start":{"line":21,"column":24},"end":{"line":21,"column":47}},"5":{"start":{"line":22,"column":4},"end":{"line":25,"column":7}},"6":{"start":{"line":27,"column":4},"end":{"line":27,"column":19}},"7":{"start":{"line":28,"column":4},"end":{"line":32,"column":7}},"8":{"start":{"line":36,"column":0},"end":{"line":58,"column":2}},"9":{"start":{"line":37,"column":2},"end":{"line":57,"column":3}},"10":{"start":{"line":38,"column":15},"end":{"line":38,"column":48}},"11":{"start":{"line":39,"column":4},"end":{"line":45,"column":5}},"12":{"start":{"line":40,"column":6},"end":{"line":43,"column":9}},"13":{"start":{"line":44,"column":6},"end":{"line":44,"column":13}},"14":{"start":{"line":46,"column":4},"end":{"line":49,"column":7}},"15":{"start":{"line":51,"column":4},"end":{"line":51,"column":19}},"16":{"start":{"line":52,"column":4},"end":{"line":56,"column":7}},"17":{"start":{"line":60,"column":0},"end":{"line":82,"column":2}},"18":{"start":{"line":61,"column":2},"end":{"line":81,"column":3}},"19":{"start":{"line":62,"column":15},"end":{"line":62,"column":50}},"20":{"start":{"line":63,"column":4},"end":{"line":69,"column":5}},"21":{"start":{"line":64,"column":6},"end":{"line":67,"column":9}},"22":{"start":{"line":68,"column":6},"end":{"line":68,"column":13}},"23":{"start":{"line":70,"column":4},"end":{"line":73,"column":7}},"24":{"start":{"line":75,"column":4},"end":{"line":75,"column":19}},"25":{"start":{"line":76,"column":4},"end":{"line":80,"column":7}},"26":{"start":{"line":84,"column":0},"end":{"line":113,"column":2}},"27":{"start":{"line":85,"column":2},"end":{"line":112,"column":3}},"28":{"start":{"line":86,"column":17},"end":{"line":86,"column":30}},"29":{"start":{"line":87,"column":22},"end":{"line":87,"column":60}},"30":{"start":{"line":88,"column":4},"end":{"line":100,"column":5}},"31":{"start":{"line":89,"column":6},"end":{"line":92,"column":9}},"32":{"start":{"line":93,"column":6},"end":{"line":93,"column":13}},"33":{"start":{"line":94,"column":11},"end":{"line":100,"column":5}},"34":{"start":{"line":95,"column":6},"end":{"line":98,"column":9}},"35":{"start":{"line":99,"column":6},"end":{"line":99,"column":13}},"36":{"start":{"line":101,"column":4},"end":{"line":104,"column":7}},"37":{"start":{"line":106,"column":4},"end":{"line":106,"column":19}},"38":{"start":{"line":107,"column":4},"end":{"line":111,"column":7}},"39":{"start":{"line":115,"column":0},"end":{"line":147,"column":2}},"40":{"start":{"line":116,"column":2},"end":{"line":146,"column":3}},"41":{"start":{"line":117,"column":15},"end":{"line":126,"column":5}},"42":{"start":{"line":127,"column":18},"end":{"line":127,"column":40}},"43":{"start":{"line":128,"column":4},"end":{"line":134,"column":5}},"44":{"start":{"line":129,"column":6},"end":{"line":132,"column":9}},"45":{"start":{"line":133,"column":6},"end":{"line":133,"column":13}},"46":{"start":{"line":135,"column":4},"end":{"line":138,"column":7}},"47":{"start":{"line":140,"column":4},"end":{"line":140,"column":19}},"48":{"start":{"line":141,"column":4},"end":{"line":145,"column":7}}},"fnMap":{"0":{"name":"(anonymous_0)","decl":{"start":{"line":9,"column":24},"end":{"line":9,"column":25}},"loc":{"start":{"line":9,"column":49},"end":{"line":34,"column":1}},"line":9},"1":{"name":"(anonymous_1)","decl":{"start":{"line":36,"column":21},"end":{"line":36,"column":22}},"loc":{"start":{"line":36,"column":46},"end":{"line":58,"column":1}},"line":36},"2":{"name":"(anonymous_2)","decl":{"start":{"line":60,"column":24},"end":{"line":60,"column":25}},"loc":{"start":{"line":60,"column":49},"end":{"line":82,"column":1}},"line":60},"3":{"name":"(anonymous_3)","decl":{"start":{"line":84,"column":24},"end":{"line":84,"column":25}},"loc":{"start":{"line":84,"column":49},"end":{"line":113,"column":1}},"line":84},"4":{"name":"(anonymous_4)","decl":{"start":{"line":115,"column":24},"end":{"line":115,"column":25}},"loc":{"start":{"line":115,"column":49},"end":{"line":147,"column":1}},"line":115}},"branchMap":{"0":{"loc":{"start":{"line":39,"column":4},"end":{"line":45,"column":5}},"type":"if","locations":[{"start":{"line":39,"column":4},"end":{"line":45,"column":5}},{"start":{"line":39,"column":4},"end":{"line":45,"column":5}}],"line":39},"1":{"loc":{"start":{"line":63,"column":4},"end":{"line":69,"column":5}},"type":"if","locations":[{"start":{"line":63,"column":4},"end":{"line":69,"column":5}},{"start":{"line":63,"column":4},"end":{"line":69,"column":5}}],"line":63},"2":{"loc":{"start":{"line":88,"column":4},"end":{"line":100,"column":5}},"type":"if","locations":[{"start":{"line":88,"column":4},"end":{"line":100,"column":5}},{"start":{"line":88,"column":4},"end":{"line":100,"column":5}}],"line":88},"3":{"loc":{"start":{"line":94,"column":11},"end":{"line":100,"column":5}},"type":"if","locations":[{"start":{"line":94,"column":11},"end":{"line":100,"column":5}},{"start":{"line":94,"column":11},"end":{"line":100,"column":5}}],"line":94},"4":{"loc":{"start":{"line":128,"column":4},"end":{"line":134,"column":5}},"type":"if","locations":[{"start":{"line":128,"column":4},"end":{"line":134,"column":5}},{"start":{"line":128,"column":4},"end":{"line":134,"column":5}}],"line":128}},"s":{"0":3,"1":3,"2":8,"3":8,"4":8,"5":7,"6":1,"7":1,"8":3,"9":2,"10":2,"11":2,"12":1,"13":1,"14":1,"15":0,"16":0,"17":3,"18":2,"19":2,"20":2,"21":1,"22":1,"23":1,"24":0,"25":0,"26":3,"27":8,"28":8,"29":8,"30":7,"31":3,"32":3,"33":4,"34":1,"35":1,"36":3,"37":1,"38":1,"39":3,"40":5,"41":5,"42":5,"43":4,"44":3,"45":3,"46":1,"47":1,"48":1},"f":{"0":8,"1":2,"2":2,"3":8,"4":5},"b":{"0":[1,1],"1":[1,1],"2":[3,4],"3":[1,3],"4":[3,1]},"_coverageSchema":"332fd63041d2c1bcb487cc26dd0d5f7d97098a6c","hash":"2bc166a78bf76b7965a1f59b9c1268239b626d53"}
,"E:\\Tasks\\books\\api\\controllers\\categoryController.js": {"path":"E:\\Tasks\\books\\api\\controllers\\categoryController.js","statementMap":{"0":{"start":{"line":7,"column":4},"end":{"line":7,"column":33}},"1":{"start":{"line":9,"column":0},"end":{"line":33,"column":2}},"2":{"start":{"line":10,"column":2},"end":{"line":32,"column":3}},"3":{"start":{"line":15,"column":18},"end":{"line":19,"column":5}},"4":{"start":{"line":20,"column":29},"end":{"line":20,"column":57}},"5":{"start":{"line":21,"column":4},"end":{"line":24,"column":7}},"6":{"start":{"line":26,"column":4},"end":{"line":26,"column":19}},"7":{"start":{"line":27,"column":4},"end":{"line":31,"column":7}},"8":{"start":{"line":35,"column":0},"end":{"line":57,"column":2}},"9":{"start":{"line":36,"column":2},"end":{"line":56,"column":3}},"10":{"start":{"line":37,"column":19},"end":{"line":37,"column":56}},"11":{"start":{"line":38,"column":4},"end":{"line":44,"column":5}},"12":{"start":{"line":39,"column":6},"end":{"line":42,"column":9}},"13":{"start":{"line":43,"column":6},"end":{"line":43,"column":13}},"14":{"start":{"line":45,"column":4},"end":{"line":48,"column":7}},"15":{"start":{"line":50,"column":4},"end":{"line":50,"column":19}},"16":{"start":{"line":51,"column":4},"end":{"line":55,"column":7}},"17":{"start":{"line":59,"column":0},"end":{"line":90,"column":2}},"18":{"start":{"line":60,"column":2},"end":{"line":89,"column":3}},"19":{"start":{"line":61,"column":19},"end":{"line":61,"column":58}},"20":{"start":{"line":62,"column":4},"end":{"line":77,"column":5}},"21":{"start":{"line":66,"column":6},"end":{"line":69,"column":9}},"22":{"start":{"line":70,"column":6},"end":{"line":70,"column":13}},"23":{"start":{"line":71,"column":11},"end":{"line":77,"column":5}},"24":{"start":{"line":72,"column":6},"end":{"line":75,"column":9}},"25":{"start":{"line":76,"column":6},"end":{"line":76,"column":13}},"26":{"start":{"line":78,"column":4},"end":{"line":81,"column":7}},"27":{"start":{"line":83,"column":4},"end":{"line":83,"column":19}},"28":{"start":{"line":84,"column":4},"end":{"line":88,"column":7}},"29":{"start":{"line":92,"column":0},"end":{"line":123,"column":2}},"30":{"start":{"line":93,"column":2},"end":{"line":122,"column":3}},"31":{"start":{"line":94,"column":21},"end":{"line":94,"column":34}},"32":{"start":{"line":95,"column":26},"end":{"line":95,"column":72}},"33":{"start":{"line":96,"column":4},"end":{"line":110,"column":5}},"34":{"start":{"line":99,"column":6},"end":{"line":102,"column":9}},"35":{"start":{"line":103,"column":6},"end":{"line":103,"column":13}},"36":{"start":{"line":104,"column":11},"end":{"line":110,"column":5}},"37":{"start":{"line":105,"column":6},"end":{"line":108,"column":9}},"38":{"start":{"line":109,"column":6},"end":{"line":109,"column":13}},"39":{"start":{"line":111,"column":4},"end":{"line":114,"column":7}},"40":{"start":{"line":116,"column":4},"end":{"line":116,"column":19}},"41":{"start":{"line":117,"column":4},"end":{"line":121,"column":7}},"42":{"start":{"line":125,"column":0},"end":{"line":150,"column":2}},"43":{"start":{"line":126,"column":2},"end":{"line":149,"column":3}},"44":{"start":{"line":127,"column":19},"end":{"line":129,"column":5}},"45":{"start":{"line":130,"column":22},"end":{"line":130,"column":52}},"46":{"start":{"line":131,"column":4},"end":{"line":137,"column":5}},"47":{"start":{"line":132,"column":6},"end":{"line":135,"column":9}},"48":{"start":{"line":136,"column":6},"end":{"line":136,"column":13}},"49":{"start":{"line":138,"column":4},"end":{"line":141,"column":7}},"50":{"start":{"line":143,"column":4},"end":{"line":143,"column":19}},"51":{"start":{"line":144,"column":4},"end":{"line":148,"column":7}}},"fnMap":{"0":{"name":"(anonymous_0)","decl":{"start":{"line":9,"column":24},"end":{"line":9,"column":25}},"loc":{"start":{"line":9,"column":49},"end":{"line":33,"column":1}},"line":9},"1":{"name":"(anonymous_1)","decl":{"start":{"line":35,"column":21},"end":{"line":35,"column":22}},"loc":{"start":{"line":35,"column":46},"end":{"line":57,"column":1}},"line":35},"2":{"name":"(anonymous_2)","decl":{"start":{"line":59,"column":24},"end":{"line":59,"column":25}},"loc":{"start":{"line":59,"column":49},"end":{"line":90,"column":1}},"line":59},"3":{"name":"(anonymous_3)","decl":{"start":{"line":92,"column":24},"end":{"line":92,"column":25}},"loc":{"start":{"line":92,"column":49},"end":{"line":123,"column":1}},"line":92},"4":{"name":"(anonymous_4)","decl":{"start":{"line":125,"column":24},"end":{"line":125,"column":25}},"loc":{"start":{"line":125,"column":49},"end":{"line":150,"column":1}},"line":125}},"branchMap":{"0":{"loc":{"start":{"line":38,"column":4},"end":{"line":44,"column":5}},"type":"if","locations":[{"start":{"line":38,"column":4},"end":{"line":44,"column":5}},{"start":{"line":38,"column":4},"end":{"line":44,"column":5}}],"line":38},"1":{"loc":{"start":{"line":62,"column":4},"end":{"line":77,"column":5}},"type":"if","locations":[{"start":{"line":62,"column":4},"end":{"line":77,"column":5}},{"start":{"line":62,"column":4},"end":{"line":77,"column":5}}],"line":62},"2":{"loc":{"start":{"line":71,"column":11},"end":{"line":77,"column":5}},"type":"if","locations":[{"start":{"line":71,"column":11},"end":{"line":77,"column":5}},{"start":{"line":71,"column":11},"end":{"line":77,"column":5}}],"line":71},"3":{"loc":{"start":{"line":96,"column":4},"end":{"line":110,"column":5}},"type":"if","locations":[{"start":{"line":96,"column":4},"end":{"line":110,"column":5}},{"start":{"line":96,"column":4},"end":{"line":110,"column":5}}],"line":96},"4":{"loc":{"start":{"line":104,"column":11},"end":{"line":110,"column":5}},"type":"if","locations":[{"start":{"line":104,"column":11},"end":{"line":110,"column":5}},{"start":{"line":104,"column":11},"end":{"line":110,"column":5}}],"line":104},"5":{"loc":{"start":{"line":131,"column":4},"end":{"line":137,"column":5}},"type":"if","locations":[{"start":{"line":131,"column":4},"end":{"line":137,"column":5}},{"start":{"line":131,"column":4},"end":{"line":137,"column":5}}],"line":131}},"s":{"0":3,"1":3,"2":7,"3":7,"4":7,"5":7,"6":0,"7":0,"8":3,"9":2,"10":2,"11":2,"12":1,"13":1,"14":1,"15":0,"16":0,"17":3,"18":3,"19":3,"20":3,"21":1,"22":1,"23":2,"24":1,"25":1,"26":1,"27":0,"28":0,"29":3,"30":4,"31":4,"32":4,"33":3,"34":1,"35":1,"36":2,"37":1,"38":1,"39":1,"40":1,"41":1,"42":3,"43":4,"44":4,"45":4,"46":3,"47":1,"48":1,"49":2,"50":1,"51":1},"f":{"0":7,"1":2,"2":3,"3":4,"4":4},"b":{"0":[1,1],"1":[1,2],"2":[1,1],"3":[1,2],"4":[1,1],"5":[1,2]},"_coverageSchema":"332fd63041d2c1bcb487cc26dd0d5f7d97098a6c","hash":"0c6f204919e5b066a4cc51c5b1f73563f353f62f"}
,"E:\\Tasks\\books\\api\\models\\author.js": {"path":"E:\\Tasks\\books\\api\\models\\author.js","statementMap":{"0":{"start":{"line":4,"column":10},"end":{"line":4,"column":27}},"1":{"start":{"line":5,"column":15},"end":{"line":5,"column":33}},"2":{"start":{"line":6,"column":41},"end":{"line":6,"column":59}},"3":{"start":{"line":7,"column":17},"end":{"line":7,"column":41}},"4":{"start":{"line":27,"column":23},"end":{"line":42,"column":1}},"5":{"start":{"line":28,"column":2},"end":{"line":41,"column":3}},"6":{"start":{"line":29,"column":17},"end":{"line":29,"column":32}},"7":{"start":{"line":30,"column":16},"end":{"line":30,"column":28}},"8":{"start":{"line":31,"column":4},"end":{"line":38,"column":5}},"9":{"start":{"line":32,"column":6},"end":{"line":32,"column":27}},"10":{"start":{"line":34,"column":17},"end":{"line":36,"column":8}},"11":{"start":{"line":35,"column":8},"end":{"line":35,"column":26}},"12":{"start":{"line":37,"column":6},"end":{"line":37,"column":18}},"13":{"start":{"line":40,"column":4},"end":{"line":40,"column":12}},"14":{"start":{"line":44,"column":21},"end":{"line":72,"column":1}},"15":{"start":{"line":45,"column":2},"end":{"line":71,"column":3}},"16":{"start":{"line":46,"column":15},"end":{"line":46,"column":30}},"17":{"start":{"line":47,"column":18},"end":{"line":47,"column":30}},"18":{"start":{"line":49,"column":19},"end":{"line":49,"column":27}},"19":{"start":{"line":50,"column":4},"end":{"line":50,"column":25}},"20":{"start":{"line":53,"column":4},"end":{"line":65,"column":5}},"21":{"start":{"line":59,"column":6},"end":{"line":59,"column":66}},"22":{"start":{"line":64,"column":6},"end":{"line":64,"column":27}},"23":{"start":{"line":67,"column":4},"end":{"line":67,"column":22}},"24":{"start":{"line":68,"column":4},"end":{"line":68,"column":18}},"25":{"start":{"line":70,"column":4},"end":{"line":70,"column":12}},"26":{"start":{"line":74,"column":25},"end":{"line":108,"column":1}},"27":{"start":{"line":75,"column":2},"end":{"line":107,"column":3}},"28":{"start":{"line":76,"column":15},"end":{"line":76,"column":30}},"29":{"start":{"line":78,"column":15},"end":{"line":80,"column":6}},"30":{"start":{"line":79,"column":6},"end":{"line":79,"column":24}},"31":{"start":{"line":82,"column":4},"end":{"line":99,"column":5}},"32":{"start":{"line":83,"column":6},"end":{"line":83,"column":27}},"33":{"start":{"line":87,"column":9},"end":{"line":99,"column":5}},"34":{"start":{"line":92,"column":6},"end":{"line":92,"column":43}},"35":{"start":{"line":93,"column":6},"end":{"line":93,"column":55}},"36":{"start":{"line":94,"column":6},"end":{"line":94,"column":40}},"37":{"start":{"line":98,"column":6},"end":{"line":98,"column":66}},"38":{"start":{"line":102,"column":4},"end":{"line":102,"column":22}},"39":{"start":{"line":104,"column":4},"end":{"line":104,"column":16}},"40":{"start":{"line":106,"column":4},"end":{"line":106,"column":12}},"41":{"start":{"line":110,"column":25},"end":{"line":137,"column":1}},"42":{"start":{"line":111,"column":2},"end":{"line":136,"column":3}},"43":{"start":{"line":112,"column":15},"end":{"line":112,"column":30}},"44":{"start":{"line":114,"column":15},"end":{"line":114,"column":39}},"45":{"start":{"line":116,"column":4},"end":{"line":118,"column":5}},"46":{"start":{"line":117,"column":6},"end":{"line":117,"column":27}},"47":{"start":{"line":121,"column":4},"end":{"line":125,"column":5}},"48":{"start":{"line":122,"column":6},"end":{"line":124,"column":7}},"49":{"start":{"line":123,"column":8},"end":{"line":123,"column":79}},"50":{"start":{"line":128,"column":29},"end":{"line":128,"column":70}},"51":{"start":{"line":128,"column":54},"end":{"line":128,"column":69}},"52":{"start":{"line":130,"column":4},"end":{"line":130,"column":38}},"53":{"start":{"line":132,"column":4},"end":{"line":132,"column":22}},"54":{"start":{"line":133,"column":4},"end":{"line":133,"column":16}},"55":{"start":{"line":135,"column":4},"end":{"line":135,"column":12}},"56":{"start":{"line":139,"column":19},"end":{"line":155,"column":1}},"57":{"start":{"line":140,"column":2},"end":{"line":154,"column":3}},"58":{"start":{"line":141,"column":15},"end":{"line":141,"column":30}},"59":{"start":{"line":142,"column":18},"end":{"line":142,"column":30}},"60":{"start":{"line":143,"column":15},"end":{"line":143,"column":27}},"61":{"start":{"line":144,"column":15},"end":{"line":144,"column":27}},"62":{"start":{"line":145,"column":17},"end":{"line":145,"column":31}},"63":{"start":{"line":147,"column":4},"end":{"line":151,"column":5}},"64":{"start":{"line":148,"column":6},"end":{"line":148,"column":21}},"65":{"start":{"line":150,"column":6},"end":{"line":150,"column":61}},"66":{"start":{"line":153,"column":4},"end":{"line":153,"column":12}},"67":{"start":{"line":157,"column":0},"end":{"line":163,"column":2}}},"fnMap":{"0":{"name":"(anonymous_0)","decl":{"start":{"line":27,"column":23},"end":{"line":27,"column":24}},"loc":{"start":{"line":27,"column":35},"end":{"line":42,"column":1}},"line":27},"1":{"name":"(anonymous_1)","decl":{"start":{"line":34,"column":38},"end":{"line":34,"column":39}},"loc":{"start":{"line":34,"column":50},"end":{"line":36,"column":7}},"line":34},"2":{"name":"(anonymous_2)","decl":{"start":{"line":44,"column":21},"end":{"line":44,"column":22}},"loc":{"start":{"line":44,"column":37},"end":{"line":72,"column":1}},"line":44},"3":{"name":"(anonymous_3)","decl":{"start":{"line":74,"column":25},"end":{"line":74,"column":26}},"loc":{"start":{"line":74,"column":47},"end":{"line":108,"column":1}},"line":74},"4":{"name":"(anonymous_4)","decl":{"start":{"line":78,"column":36},"end":{"line":78,"column":37}},"loc":{"start":{"line":78,"column":48},"end":{"line":80,"column":5}},"line":78},"5":{"name":"(anonymous_5)","decl":{"start":{"line":110,"column":25},"end":{"line":110,"column":26}},"loc":{"start":{"line":110,"column":37},"end":{"line":137,"column":1}},"line":110},"6":{"name":"(anonymous_6)","decl":{"start":{"line":128,"column":49},"end":{"line":128,"column":50}},"loc":{"start":{"line":128,"column":54},"end":{"line":128,"column":69}},"line":128},"7":{"name":"(anonymous_7)","decl":{"start":{"line":139,"column":19},"end":{"line":139,"column":20}},"loc":{"start":{"line":139,"column":36},"end":{"line":155,"column":1}},"line":139}},"branchMap":{"0":{"loc":{"start":{"line":31,"column":4},"end":{"line":38,"column":5}},"type":"if","locations":[{"start":{"line":31,"column":4},"end":{"line":38,"column":5}},{"start":{"line":31,"column":4},"end":{"line":38,"column":5}}],"line":31},"1":{"loc":{"start":{"line":53,"column":4},"end":{"line":65,"column":5}},"type":"if","locations":[{"start":{"line":53,"column":4},"end":{"line":65,"column":5}},{"start":{"line":53,"column":4},"end":{"line":65,"column":5}}],"line":53},"2":{"loc":{"start":{"line":54,"column":6},"end":{"line":57,"column":34}},"type":"binary-expr","locations":[{"start":{"line":54,"column":6},"end":{"line":54,"column":30}},{"start":{"line":55,"column":6},"end":{"line":55,"column":30}},{"start":{"line":56,"column":6},"end":{"line":56,"column":34}},{"start":{"line":57,"column":6},"end":{"line":57,"column":34}}],"line":54},"3":{"loc":{"start":{"line":82,"column":4},"end":{"line":99,"column":5}},"type":"if","locations":[{"start":{"line":82,"column":4},"end":{"line":99,"column":5}},{"start":{"line":82,"column":4},"end":{"line":99,"column":5}}],"line":82},"4":{"loc":{"start":{"line":87,"column":9},"end":{"line":99,"column":5}},"type":"if","locations":[{"start":{"line":87,"column":9},"end":{"line":99,"column":5}},{"start":{"line":87,"column":9},"end":{"line":99,"column":5}}],"line":87},"5":{"loc":{"start":{"line":88,"column":6},"end":{"line":89,"column":68}},"type":"binary-expr","locations":[{"start":{"line":88,"column":7},"end":{"line":88,"column":31}},{"start":{"line":88,"column":35},"end":{"line":88,"column":59}},{"start":{"line":89,"column":7},"end":{"line":89,"column":35}},{"start":{"line":89,"column":39},"end":{"line":89,"column":67}}],"line":88},"6":{"loc":{"start":{"line":92,"column":18},"end":{"line":92,"column":42}},"type":"binary-expr","locations":[{"start":{"line":92,"column":18},"end":{"line":92,"column":29}},{"start":{"line":92,"column":33},"end":{"line":92,"column":42}}],"line":92},"7":{"loc":{"start":{"line":93,"column":22},"end":{"line":93,"column":54}},"type":"binary-expr","locations":[{"start":{"line":93,"column":22},"end":{"line":93,"column":37}},{"start":{"line":93,"column":41},"end":{"line":93,"column":54}}],"line":93},"8":{"loc":{"start":{"line":94,"column":17},"end":{"line":94,"column":39}},"type":"binary-expr","locations":[{"start":{"line":94,"column":17},"end":{"line":94,"column":27}},{"start":{"line":94,"column":31},"end":{"line":94,"column":39}}],"line":94},"9":{"loc":{"start":{"line":116,"column":4},"end":{"line":118,"column":5}},"type":"if","locations":[{"start":{"line":116,"column":4},"end":{"line":118,"column":5}},{"start":{"line":116,"column":4},"end":{"line":118,"column":5}}],"line":116},"10":{"loc":{"start":{"line":122,"column":6},"end":{"line":124,"column":7}},"type":"if","locations":[{"start":{"line":122,"column":6},"end":{"line":124,"column":7}},{"start":{"line":122,"column":6},"end":{"line":124,"column":7}}],"line":122},"11":{"loc":{"start":{"line":147,"column":4},"end":{"line":151,"column":5}},"type":"if","locations":[{"start":{"line":147,"column":4},"end":{"line":151,"column":5}},{"start":{"line":147,"column":4},"end":{"line":151,"column":5}}],"line":147},"12":{"loc":{"start":{"line":147,"column":8},"end":{"line":147,"column":69}},"type":"binary-expr","locations":[{"start":{"line":147,"column":8},"end":{"line":147,"column":25}},{"start":{"line":147,"column":29},"end":{"line":147,"column":46}},{"start":{"line":147,"column":50},"end":{"line":147,"column":69}}],"line":147}},"s":{"0":3,"1":3,"2":3,"3":3,"4":3,"5":6,"6":6,"7":6,"8":6,"9":1,"10":5,"11":130,"12":5,"13":0,"14":3,"15":4,"16":4,"17":4,"18":4,"19":4,"20":4,"21":2,"22":1,"23":1,"24":1,"25":1,"26":3,"27":6,"28":6,"29":6,"30":182,"31":6,"32":1,"33":5,"34":3,"35":3,"36":3,"37":1,"38":3,"39":3,"40":1,"41":3,"42":3,"43":3,"44":3,"45":3,"46":1,"47":2,"48":132,"49":1,"50":1,"51":32,"52":1,"53":1,"54":1,"55":0,"56":3,"57":2,"58":2,"59":2,"60":2,"61":2,"62":2,"63":2,"64":1,"65":1,"66":0,"67":3},"f":{"0":6,"1":130,"2":4,"3":6,"4":182,"5":3,"6":32,"7":2},"b":{"0":[1,5],"1":[2,1],"2":[4,4,2,2],"3":[1,5],"4":[3,1],"5":[5,4,3,2],"6":[3,1],"7":[3,1],"8":[3,3],"9":[1,2],"10":[1,131],"11":[1,1],"12":[2,1,1]},"_coverageSchema":"332fd63041d2c1bcb487cc26dd0d5f7d97098a6c","hash":"3820e4034bdb5c4671546c51b71e1ab74f3880a3"}
,"E:\\Tasks\\books\\api\\models\\book.js": {"path":"E:\\Tasks\\books\\api\\models\\book.js","statementMap":{"0":{"start":{"line":4,"column":10},"end":{"line":4,"column":27}},"1":{"start":{"line":5,"column":15},"end":{"line":5,"column":33}},"2":{"start":{"line":6,"column":17},"end":{"line":6,"column":41}},"3":{"start":{"line":7,"column":41},"end":{"line":7,"column":59}},"4":{"start":{"line":42,"column":21},"end":{"line":57,"column":1}},"5":{"start":{"line":43,"column":2},"end":{"line":56,"column":3}},"6":{"start":{"line":44,"column":17},"end":{"line":44,"column":32}},"7":{"start":{"line":45,"column":16},"end":{"line":45,"column":28}},"8":{"start":{"line":46,"column":4},"end":{"line":53,"column":5}},"9":{"start":{"line":47,"column":6},"end":{"line":47,"column":27}},"10":{"start":{"line":49,"column":17},"end":{"line":51,"column":8}},"11":{"start":{"line":50,"column":8},"end":{"line":50,"column":26}},"12":{"start":{"line":52,"column":6},"end":{"line":52,"column":18}},"13":{"start":{"line":55,"column":4},"end":{"line":55,"column":12}},"14":{"start":{"line":59,"column":19},"end":{"line":98,"column":1}},"15":{"start":{"line":60,"column":2},"end":{"line":97,"column":3}},"16":{"start":{"line":61,"column":17},"end":{"line":61,"column":32}},"17":{"start":{"line":62,"column":16},"end":{"line":62,"column":26}},"18":{"start":{"line":64,"column":17},"end":{"line":64,"column":25}},"19":{"start":{"line":65,"column":4},"end":{"line":65,"column":21}},"20":{"start":{"line":68,"column":24},"end":{"line":70,"column":6}},"21":{"start":{"line":69,"column":6},"end":{"line":69,"column":35}},"22":{"start":{"line":72,"column":22},"end":{"line":74,"column":6}},"23":{"start":{"line":73,"column":6},"end":{"line":73,"column":33}},"24":{"start":{"line":77,"column":4},"end":{"line":91,"column":5}},"25":{"start":{"line":85,"column":6},"end":{"line":85,"column":66}},"26":{"start":{"line":90,"column":6},"end":{"line":90,"column":23}},"27":{"start":{"line":93,"column":4},"end":{"line":93,"column":22}},"28":{"start":{"line":94,"column":4},"end":{"line":94,"column":16}},"29":{"start":{"line":96,"column":4},"end":{"line":96,"column":12}},"30":{"start":{"line":100,"column":23},"end":{"line":150,"column":1}},"31":{"start":{"line":101,"column":2},"end":{"line":149,"column":3}},"32":{"start":{"line":102,"column":17},"end":{"line":102,"column":32}},"33":{"start":{"line":104,"column":15},"end":{"line":106,"column":6}},"34":{"start":{"line":105,"column":6},"end":{"line":105,"column":24}},"35":{"start":{"line":109,"column":24},"end":{"line":111,"column":6}},"36":{"start":{"line":110,"column":6},"end":{"line":110,"column":35}},"37":{"start":{"line":113,"column":22},"end":{"line":115,"column":6}},"38":{"start":{"line":114,"column":6},"end":{"line":114,"column":33}},"39":{"start":{"line":117,"column":4},"end":{"line":119,"column":5}},"40":{"start":{"line":118,"column":6},"end":{"line":118,"column":27}},"41":{"start":{"line":122,"column":4},"end":{"line":141,"column":5}},"42":{"start":{"line":129,"column":6},"end":{"line":129,"column":44}},"43":{"start":{"line":130,"column":6},"end":{"line":130,"column":47}},"44":{"start":{"line":131,"column":6},"end":{"line":131,"column":62}},"45":{"start":{"line":132,"column":6},"end":{"line":132,"column":41}},"46":{"start":{"line":133,"column":6},"end":{"line":133,"column":62}},"47":{"start":{"line":134,"column":6},"end":{"line":134,"column":62}},"48":{"start":{"line":135,"column":6},"end":{"line":135,"column":44}},"49":{"start":{"line":136,"column":6},"end":{"line":136,"column":53}},"50":{"start":{"line":140,"column":6},"end":{"line":140,"column":66}},"51":{"start":{"line":144,"column":4},"end":{"line":144,"column":22}},"52":{"start":{"line":146,"column":4},"end":{"line":146,"column":16}},"53":{"start":{"line":148,"column":4},"end":{"line":148,"column":12}},"54":{"start":{"line":152,"column":23},"end":{"line":173,"column":1}},"55":{"start":{"line":153,"column":2},"end":{"line":172,"column":3}},"56":{"start":{"line":154,"column":17},"end":{"line":154,"column":32}},"57":{"start":{"line":156,"column":15},"end":{"line":156,"column":37}},"58":{"start":{"line":158,"column":4},"end":{"line":160,"column":5}},"59":{"start":{"line":159,"column":6},"end":{"line":159,"column":27}},"60":{"start":{"line":163,"column":27},"end":{"line":163,"column":66}},"61":{"start":{"line":163,"column":50},"end":{"line":163,"column":65}},"62":{"start":{"line":165,"column":4},"end":{"line":165,"column":34}},"63":{"start":{"line":167,"column":4},"end":{"line":167,"column":22}},"64":{"start":{"line":169,"column":4},"end":{"line":169,"column":16}},"65":{"start":{"line":171,"column":4},"end":{"line":171,"column":12}},"66":{"start":{"line":175,"column":17},"end":{"line":197,"column":1}},"67":{"start":{"line":176,"column":2},"end":{"line":196,"column":3}},"68":{"start":{"line":177,"column":17},"end":{"line":177,"column":32}},"69":{"start":{"line":178,"column":16},"end":{"line":178,"column":26}},"70":{"start":{"line":179,"column":15},"end":{"line":179,"column":27}},"71":{"start":{"line":180,"column":15},"end":{"line":180,"column":27}},"72":{"start":{"line":181,"column":17},"end":{"line":181,"column":31}},"73":{"start":{"line":182,"column":19},"end":{"line":182,"column":35}},"74":{"start":{"line":184,"column":4},"end":{"line":193,"column":5}},"75":{"start":{"line":190,"column":6},"end":{"line":190,"column":19}},"76":{"start":{"line":192,"column":6},"end":{"line":192,"column":69}},"77":{"start":{"line":195,"column":4},"end":{"line":195,"column":12}},"78":{"start":{"line":199,"column":0},"end":{"line":205,"column":2}}},"fnMap":{"0":{"name":"(anonymous_0)","decl":{"start":{"line":42,"column":21},"end":{"line":42,"column":22}},"loc":{"start":{"line":42,"column":33},"end":{"line":57,"column":1}},"line":42},"1":{"name":"(anonymous_1)","decl":{"start":{"line":49,"column":36},"end":{"line":49,"column":37}},"loc":{"start":{"line":49,"column":48},"end":{"line":51,"column":7}},"line":49},"2":{"name":"(anonymous_2)","decl":{"start":{"line":59,"column":19},"end":{"line":59,"column":20}},"loc":{"start":{"line":59,"column":33},"end":{"line":98,"column":1}},"line":59},"3":{"name":"(anonymous_3)","decl":{"start":{"line":68,"column":48},"end":{"line":68,"column":49}},"loc":{"start":{"line":68,"column":60},"end":{"line":70,"column":5}},"line":68},"4":{"name":"(anonymous_4)","decl":{"start":{"line":72,"column":43},"end":{"line":72,"column":44}},"loc":{"start":{"line":72,"column":55},"end":{"line":74,"column":5}},"line":72},"5":{"name":"(anonymous_5)","decl":{"start":{"line":100,"column":23},"end":{"line":100,"column":24}},"loc":{"start":{"line":100,"column":43},"end":{"line":150,"column":1}},"line":100},"6":{"name":"(anonymous_6)","decl":{"start":{"line":104,"column":34},"end":{"line":104,"column":35}},"loc":{"start":{"line":104,"column":46},"end":{"line":106,"column":5}},"line":104},"7":{"name":"(anonymous_7)","decl":{"start":{"line":109,"column":48},"end":{"line":109,"column":49}},"loc":{"start":{"line":109,"column":60},"end":{"line":111,"column":5}},"line":109},"8":{"name":"(anonymous_8)","decl":{"start":{"line":113,"column":43},"end":{"line":113,"column":44}},"loc":{"start":{"line":113,"column":55},"end":{"line":115,"column":5}},"line":113},"9":{"name":"(anonymous_9)","decl":{"start":{"line":152,"column":23},"end":{"line":152,"column":24}},"loc":{"start":{"line":152,"column":35},"end":{"line":173,"column":1}},"line":152},"10":{"name":"(anonymous_10)","decl":{"start":{"line":163,"column":45},"end":{"line":163,"column":46}},"loc":{"start":{"line":163,"column":50},"end":{"line":163,"column":65}},"line":163},"11":{"name":"(anonymous_11)","decl":{"start":{"line":175,"column":17},"end":{"line":175,"column":18}},"loc":{"start":{"line":175,"column":34},"end":{"line":197,"column":1}},"line":175}},"branchMap":{"0":{"loc":{"start":{"line":46,"column":4},"end":{"line":53,"column":5}},"type":"if","locations":[{"start":{"line":46,"column":4},"end":{"line":53,"column":5}},{"start":{"line":46,"column":4},"end":{"line":53,"column":5}}],"line":46},"1":{"loc":{"start":{"line":77,"column":4},"end":{"line":91,"column":5}},"type":"if","locations":[{"start":{"line":77,"column":4},"end":{"line":91,"column":5}},{"start":{"line":77,"column":4},"end":{"line":91,"column":5}}],"line":77},"2":{"loc":{"start":{"line":78,"column":6},"end":{"line":83,"column":60}},"type":"binary-expr","locations":[{"start":{"line":78,"column":6},"end":{"line":78,"column":29}},{"start":{"line":79,"column":6},"end":{"line":79,"column":29}},{"start":{"line":80,"column":6},"end":{"line":80,"column":28}},{"start":{"line":81,"column":6},"end":{"line":81,"column":34}},{"start":{"line":82,"column":7},"end":{"line":82,"column":33}},{"start":{"line":82,"column":37},"end":{"line":82,"column":63}},{"start":{"line":83,"column":7},"end":{"line":83,"column":31}},{"start":{"line":83,"column":35},"end":{"line":83,"column":59}}],"line":78},"3":{"loc":{"start":{"line":117,"column":4},"end":{"line":119,"column":5}},"type":"if","locations":[{"start":{"line":117,"column":4},"end":{"line":119,"column":5}},{"start":{"line":117,"column":4},"end":{"line":119,"column":5}}],"line":117},"4":{"loc":{"start":{"line":122,"column":4},"end":{"line":141,"column":5}},"type":"if","locations":[{"start":{"line":122,"column":4},"end":{"line":141,"column":5}},{"start":{"line":122,"column":4},"end":{"line":141,"column":5}}],"line":122},"5":{"loc":{"start":{"line":123,"column":6},"end":{"line":126,"column":60}},"type":"binary-expr","locations":[{"start":{"line":123,"column":7},"end":{"line":123,"column":30}},{"start":{"line":123,"column":34},"end":{"line":123,"column":57}},{"start":{"line":124,"column":7},"end":{"line":124,"column":29}},{"start":{"line":124,"column":33},"end":{"line":124,"column":61}},{"start":{"line":125,"column":7},"end":{"line":125,"column":33}},{"start":{"line":125,"column":37},"end":{"line":125,"column":63}},{"start":{"line":126,"column":7},"end":{"line":126,"column":31}},{"start":{"line":126,"column":35},"end":{"line":126,"column":59}}],"line":123},"6":{"loc":{"start":{"line":129,"column":19},"end":{"line":129,"column":43}},"type":"binary-expr","locations":[{"start":{"line":129,"column":19},"end":{"line":129,"column":29}},{"start":{"line":129,"column":33},"end":{"line":129,"column":43}}],"line":129},"7":{"loc":{"start":{"line":130,"column":20},"end":{"line":130,"column":46}},"type":"binary-expr","locations":[{"start":{"line":130,"column":20},"end":{"line":130,"column":31}},{"start":{"line":130,"column":35},"end":{"line":130,"column":46}}],"line":130},"8":{"loc":{"start":{"line":131,"column":25},"end":{"line":131,"column":61}},"type":"binary-expr","locations":[{"start":{"line":131,"column":25},"end":{"line":131,"column":41}},{"start":{"line":131,"column":45},"end":{"line":131,"column":61}}],"line":131},"9":{"loc":{"start":{"line":132,"column":18},"end":{"line":132,"column":40}},"type":"binary-expr","locations":[{"start":{"line":132,"column":18},"end":{"line":132,"column":27}},{"start":{"line":132,"column":31},"end":{"line":132,"column":40}}],"line":132},"10":{"loc":{"start":{"line":133,"column":25},"end":{"line":133,"column":61}},"type":"binary-expr","locations":[{"start":{"line":133,"column":25},"end":{"line":133,"column":41}},{"start":{"line":133,"column":45},"end":{"line":133,"column":61}}],"line":133},"11":{"loc":{"start":{"line":134,"column":25},"end":{"line":134,"column":61}},"type":"binary-expr","locations":[{"start":{"line":134,"column":25},"end":{"line":134,"column":41}},{"start":{"line":134,"column":45},"end":{"line":134,"column":61}}],"line":134},"12":{"loc":{"start":{"line":135,"column":19},"end":{"line":135,"column":43}},"type":"binary-expr","locations":[{"start":{"line":135,"column":19},"end":{"line":135,"column":29}},{"start":{"line":135,"column":33},"end":{"line":135,"column":43}}],"line":135},"13":{"loc":{"start":{"line":136,"column":22},"end":{"line":136,"column":52}},"type":"binary-expr","locations":[{"start":{"line":136,"column":22},"end":{"line":136,"column":35}},{"start":{"line":136,"column":39},"end":{"line":136,"column":52}}],"line":136},"14":{"loc":{"start":{"line":158,"column":4},"end":{"line":160,"column":5}},"type":"if","locations":[{"start":{"line":158,"column":4},"end":{"line":160,"column":5}},{"start":{"line":158,"column":4},"end":{"line":160,"column":5}}],"line":158},"15":{"loc":{"start":{"line":184,"column":4},"end":{"line":193,"column":5}},"type":"if","locations":[{"start":{"line":184,"column":4},"end":{"line":193,"column":5}},{"start":{"line":184,"column":4},"end":{"line":193,"column":5}}],"line":184},"16":{"loc":{"start":{"line":185,"column":6},"end":{"line":188,"column":27}},"type":"binary-expr","locations":[{"start":{"line":185,"column":6},"end":{"line":185,"column":23}},{"start":{"line":186,"column":6},"end":{"line":186,"column":23}},{"start":{"line":187,"column":6},"end":{"line":187,"column":25}},{"start":{"line":188,"column":6},"end":{"line":188,"column":27}}],"line":185}},"s":{"0":3,"1":3,"2":3,"3":3,"4":3,"5":5,"6":5,"7":5,"8":5,"9":1,"10":4,"11":205,"12":4,"13":0,"14":3,"15":5,"16":5,"17":5,"18":5,"19":5,"20":5,"21":80,"22":5,"23":155,"24":5,"25":3,"26":1,"27":1,"28":1,"29":1,"30":3,"31":8,"32":8,"33":8,"34":309,"35":8,"36":128,"37":8,"38":248,"39":8,"40":1,"41":7,"42":3,"43":3,"44":3,"45":3,"46":3,"47":3,"48":3,"49":3,"50":3,"51":3,"52":3,"53":1,"54":3,"55":2,"56":2,"57":2,"58":2,"59":1,"60":1,"61":102,"62":1,"63":1,"64":1,"65":0,"66":3,"67":8,"68":8,"69":8,"70":8,"71":8,"72":8,"73":8,"74":8,"75":1,"76":7,"77":1,"78":3},"f":{"0":5,"1":205,"2":5,"3":80,"4":155,"5":8,"6":309,"7":128,"8":248,"9":2,"10":102,"11":8},"b":{"0":[1,4],"1":[3,1],"2":[5,5,4,4,3,1,2,1],"3":[1,7],"4":[3,3],"5":[7,5,6,3,5,1,4,1],"6":[3,1],"7":[3,3],"8":[3,3],"9":[3,1],"10":[3,3],"11":[3,3],"12":[3,3],"13":[3,3],"14":[1,1],"15":[1,7],"16":[8,3,3,2]},"_coverageSchema":"332fd63041d2c1bcb487cc26dd0d5f7d97098a6c","hash":"9dd93fbc902321659f6c5c8b2b71f20411e65b45"}
,"E:\\Tasks\\books\\api\\models\\category.js": {"path":"E:\\Tasks\\books\\api\\models\\category.js","statementMap":{"0":{"start":{"line":4,"column":10},"end":{"line":4,"column":27}},"1":{"start":{"line":5,"column":15},"end":{"line":5,"column":33}},"2":{"start":{"line":6,"column":17},"end":{"line":6,"column":41}},"3":{"start":{"line":7,"column":41},"end":{"line":7,"column":59}},"4":{"start":{"line":30,"column":25},"end":{"line":45,"column":1}},"5":{"start":{"line":31,"column":2},"end":{"line":44,"column":3}},"6":{"start":{"line":32,"column":17},"end":{"line":32,"column":32}},"7":{"start":{"line":33,"column":16},"end":{"line":33,"column":28}},"8":{"start":{"line":34,"column":4},"end":{"line":41,"column":5}},"9":{"start":{"line":35,"column":6},"end":{"line":35,"column":27}},"10":{"start":{"line":37,"column":17},"end":{"line":39,"column":8}},"11":{"start":{"line":38,"column":8},"end":{"line":38,"column":26}},"12":{"start":{"line":40,"column":6},"end":{"line":40,"column":18}},"13":{"start":{"line":43,"column":4},"end":{"line":43,"column":12}},"14":{"start":{"line":47,"column":23},"end":{"line":69,"column":1}},"15":{"start":{"line":48,"column":2},"end":{"line":68,"column":3}},"16":{"start":{"line":49,"column":17},"end":{"line":49,"column":32}},"17":{"start":{"line":50,"column":21},"end":{"line":50,"column":36}},"18":{"start":{"line":52,"column":21},"end":{"line":52,"column":29}},"19":{"start":{"line":53,"column":4},"end":{"line":53,"column":29}},"20":{"start":{"line":56,"column":4},"end":{"line":63,"column":5}},"21":{"start":{"line":57,"column":6},"end":{"line":57,"column":66}},"22":{"start":{"line":62,"column":6},"end":{"line":62,"column":32}},"23":{"start":{"line":64,"column":4},"end":{"line":64,"column":22}},"24":{"start":{"line":65,"column":4},"end":{"line":65,"column":20}},"25":{"start":{"line":67,"column":4},"end":{"line":67,"column":12}},"26":{"start":{"line":71,"column":27},"end":{"line":102,"column":1}},"27":{"start":{"line":72,"column":2},"end":{"line":101,"column":3}},"28":{"start":{"line":73,"column":15},"end":{"line":73,"column":30}},"29":{"start":{"line":75,"column":15},"end":{"line":77,"column":6}},"30":{"start":{"line":76,"column":6},"end":{"line":76,"column":24}},"31":{"start":{"line":80,"column":4},"end":{"line":88,"column":5}},"32":{"start":{"line":81,"column":6},"end":{"line":81,"column":66}},"33":{"start":{"line":82,"column":11},"end":{"line":88,"column":5}},"34":{"start":{"line":83,"column":6},"end":{"line":83,"column":27}},"35":{"start":{"line":87,"column":6},"end":{"line":87,"column":32}},"36":{"start":{"line":94,"column":4},"end":{"line":94,"column":22}},"37":{"start":{"line":98,"column":4},"end":{"line":98,"column":16}},"38":{"start":{"line":100,"column":4},"end":{"line":100,"column":12}},"39":{"start":{"line":104,"column":27},"end":{"line":131,"column":1}},"40":{"start":{"line":105,"column":2},"end":{"line":130,"column":3}},"41":{"start":{"line":106,"column":17},"end":{"line":106,"column":32}},"42":{"start":{"line":108,"column":15},"end":{"line":108,"column":41}},"43":{"start":{"line":110,"column":4},"end":{"line":112,"column":5}},"44":{"start":{"line":111,"column":6},"end":{"line":111,"column":27}},"45":{"start":{"line":115,"column":4},"end":{"line":119,"column":5}},"46":{"start":{"line":116,"column":6},"end":{"line":118,"column":7}},"47":{"start":{"line":117,"column":8},"end":{"line":117,"column":81}},"48":{"start":{"line":122,"column":32},"end":{"line":122,"column":76}},"49":{"start":{"line":122,"column":60},"end":{"line":122,"column":75}},"50":{"start":{"line":124,"column":4},"end":{"line":124,"column":44}},"51":{"start":{"line":126,"column":4},"end":{"line":126,"column":22}},"52":{"start":{"line":127,"column":4},"end":{"line":127,"column":16}},"53":{"start":{"line":129,"column":4},"end":{"line":129,"column":12}},"54":{"start":{"line":133,"column":22},"end":{"line":149,"column":1}},"55":{"start":{"line":134,"column":2},"end":{"line":148,"column":3}},"56":{"start":{"line":135,"column":17},"end":{"line":135,"column":32}},"57":{"start":{"line":136,"column":21},"end":{"line":136,"column":36}},"58":{"start":{"line":137,"column":15},"end":{"line":137,"column":27}},"59":{"start":{"line":138,"column":15},"end":{"line":138,"column":27}},"60":{"start":{"line":139,"column":17},"end":{"line":139,"column":31}},"61":{"start":{"line":141,"column":4},"end":{"line":145,"column":5}},"62":{"start":{"line":142,"column":6},"end":{"line":142,"column":24}},"63":{"start":{"line":144,"column":6},"end":{"line":144,"column":64}},"64":{"start":{"line":147,"column":4},"end":{"line":147,"column":12}},"65":{"start":{"line":151,"column":0},"end":{"line":157,"column":2}}},"fnMap":{"0":{"name":"(anonymous_0)","decl":{"start":{"line":30,"column":25},"end":{"line":30,"column":26}},"loc":{"start":{"line":30,"column":37},"end":{"line":45,"column":1}},"line":30},"1":{"name":"(anonymous_1)","decl":{"start":{"line":37,"column":41},"end":{"line":37,"column":42}},"loc":{"start":{"line":37,"column":53},"end":{"line":39,"column":7}},"line":37},"2":{"name":"(anonymous_2)","decl":{"start":{"line":47,"column":23},"end":{"line":47,"column":24}},"loc":{"start":{"line":47,"column":41},"end":{"line":69,"column":1}},"line":47},"3":{"name":"(anonymous_3)","decl":{"start":{"line":71,"column":27},"end":{"line":71,"column":28}},"loc":{"start":{"line":71,"column":51},"end":{"line":102,"column":1}},"line":71},"4":{"name":"(anonymous_4)","decl":{"start":{"line":75,"column":39},"end":{"line":75,"column":40}},"loc":{"start":{"line":75,"column":51},"end":{"line":77,"column":5}},"line":75},"5":{"name":"(anonymous_5)","decl":{"start":{"line":104,"column":27},"end":{"line":104,"column":28}},"loc":{"start":{"line":104,"column":39},"end":{"line":131,"column":1}},"line":104},"6":{"name":"(anonymous_6)","decl":{"start":{"line":122,"column":55},"end":{"line":122,"column":56}},"loc":{"start":{"line":122,"column":60},"end":{"line":122,"column":75}},"line":122},"7":{"name":"(anonymous_7)","decl":{"start":{"line":133,"column":22},"end":{"line":133,"column":23}},"loc":{"start":{"line":133,"column":39},"end":{"line":149,"column":1}},"line":133}},"branchMap":{"0":{"loc":{"start":{"line":34,"column":4},"end":{"line":41,"column":5}},"type":"if","locations":[{"start":{"line":34,"column":4},"end":{"line":41,"column":5}},{"start":{"line":34,"column":4},"end":{"line":41,"column":5}}],"line":34},"1":{"loc":{"start":{"line":56,"column":4},"end":{"line":63,"column":5}},"type":"if","locations":[{"start":{"line":56,"column":4},"end":{"line":63,"column":5}},{"start":{"line":56,"column":4},"end":{"line":63,"column":5}}],"line":56},"2":{"loc":{"start":{"line":56,"column":8},"end":{"line":56,"column":64}},"type":"binary-expr","locations":[{"start":{"line":56,"column":8},"end":{"line":56,"column":34}},{"start":{"line":56,"column":38},"end":{"line":56,"column":64}}],"line":56},"3":{"loc":{"start":{"line":80,"column":4},"end":{"line":88,"column":5}},"type":"if","locations":[{"start":{"line":80,"column":4},"end":{"line":88,"column":5}},{"start":{"line":80,"column":4},"end":{"line":88,"column":5}}],"line":80},"4":{"loc":{"start":{"line":80,"column":8},"end":{"line":80,"column":64}},"type":"binary-expr","locations":[{"start":{"line":80,"column":8},"end":{"line":80,"column":34}},{"start":{"line":80,"column":38},"end":{"line":80,"column":64}}],"line":80},"5":{"loc":{"start":{"line":82,"column":11},"end":{"line":88,"column":5}},"type":"if","locations":[{"start":{"line":82,"column":11},"end":{"line":88,"column":5}},{"start":{"line":82,"column":11},"end":{"line":88,"column":5}}],"line":82},"6":{"loc":{"start":{"line":110,"column":4},"end":{"line":112,"column":5}},"type":"if","locations":[{"start":{"line":110,"column":4},"end":{"line":112,"column":5}},{"start":{"line":110,"column":4},"end":{"line":112,"column":5}}],"line":110},"7":{"loc":{"start":{"line":116,"column":6},"end":{"line":118,"column":7}},"type":"if","locations":[{"start":{"line":116,"column":6},"end":{"line":118,"column":7}},{"start":{"line":116,"column":6},"end":{"line":118,"column":7}}],"line":116},"8":{"loc":{"start":{"line":141,"column":4},"end":{"line":145,"column":5}},"type":"if","locations":[{"start":{"line":141,"column":4},"end":{"line":145,"column":5}},{"start":{"line":141,"column":4},"end":{"line":145,"column":5}}],"line":141},"9":{"loc":{"start":{"line":141,"column":8},"end":{"line":141,"column":69}},"type":"binary-expr","locations":[{"start":{"line":141,"column":8},"end":{"line":141,"column":25}},{"start":{"line":141,"column":29},"end":{"line":141,"column":46}},{"start":{"line":141,"column":50},"end":{"line":141,"column":69}}],"line":141}},"s":{"0":3,"1":3,"2":3,"3":3,"4":3,"5":6,"6":6,"7":6,"8":6,"9":1,"10":5,"11":79,"12":5,"13":0,"14":3,"15":4,"16":4,"17":4,"18":4,"19":4,"20":4,"21":1,"22":2,"23":2,"24":2,"25":1,"26":3,"27":4,"28":4,"29":4,"30":63,"31":4,"32":1,"33":2,"34":1,"35":1,"36":1,"37":1,"38":1,"39":3,"40":3,"41":3,"42":3,"43":3,"44":1,"45":2,"46":123,"47":1,"48":1,"49":18,"50":1,"51":1,"52":1,"53":0,"54":3,"55":7,"56":7,"57":7,"58":7,"59":7,"60":7,"61":7,"62":1,"63":6,"64":0,"65":3},"f":{"0":6,"1":79,"2":4,"3":4,"4":63,"5":3,"6":18,"7":7},"b":{"0":[1,5],"1":[1,2],"2":[4,4],"3":[1,2],"4":[4,4],"5":[1,1],"6":[1,2],"7":[1,122],"8":[1,6],"9":[7,1,1]},"_coverageSchema":"332fd63041d2c1bcb487cc26dd0d5f7d97098a6c","hash":"8f583ab437bc4ae9a51ab125f1b613f379a1413b"}
,"E:\\Tasks\\books\\api\\models\\db\\db.js": {"path":"E:\\Tasks\\books\\api\\models\\db\\db.js","statementMap":{"0":{"start":{"line":1,"column":11},"end":{"line":1,"column":24}},"1":{"start":{"line":2,"column":11},"end":{"line":2,"column":26}},"2":{"start":{"line":3,"column":13},"end":{"line":3,"column":28}},"3":{"start":{"line":4,"column":10},"end":{"line":4,"column":27}},"4":{"start":{"line":6,"column":17},"end":{"line":6,"column":44}},"5":{"start":{"line":7,"column":18},"end":{"line":7,"column":46}},"6":{"start":{"line":9,"column":16},"end":{"line":17,"column":1}},"7":{"start":{"line":10,"column":2},"end":{"line":16,"column":3}},"8":{"start":{"line":11,"column":17},"end":{"line":11,"column":70}},"9":{"start":{"line":12,"column":23},"end":{"line":12,"column":39}},"10":{"start":{"line":13,"column":4},"end":{"line":13,"column":22}},"11":{"start":{"line":15,"column":4},"end":{"line":15,"column":12}},"12":{"start":{"line":19,"column":13},"end":{"line":26,"column":1}},"13":{"start":{"line":20,"column":2},"end":{"line":25,"column":3}},"14":{"start":{"line":21,"column":27},"end":{"line":21,"column":55}},"15":{"start":{"line":22,"column":4},"end":{"line":22,"column":28}},"16":{"start":{"line":24,"column":4},"end":{"line":24,"column":12}},"17":{"start":{"line":28,"column":15},"end":{"line":35,"column":1}},"18":{"start":{"line":29,"column":2},"end":{"line":34,"column":3}},"19":{"start":{"line":30,"column":29},"end":{"line":30,"column":59}},"20":{"start":{"line":31,"column":4},"end":{"line":31,"column":30}},"21":{"start":{"line":33,"column":4},"end":{"line":33,"column":12}},"22":{"start":{"line":37,"column":21},"end":{"line":94,"column":1}},"23":{"start":{"line":38,"column":2},"end":{"line":93,"column":3}},"24":{"start":{"line":40,"column":17},"end":{"line":40,"column":34}},"25":{"start":{"line":42,"column":4},"end":{"line":90,"column":5}},"26":{"start":{"line":43,"column":6},"end":{"line":43,"column":57}},"27":{"start":{"line":45,"column":6},"end":{"line":47,"column":7}},"28":{"start":{"line":46,"column":8},"end":{"line":46,"column":57}},"29":{"start":{"line":49,"column":6},"end":{"line":51,"column":7}},"30":{"start":{"line":50,"column":8},"end":{"line":50,"column":53}},"31":{"start":{"line":53,"column":6},"end":{"line":53,"column":31}},"32":{"start":{"line":54,"column":11},"end":{"line":90,"column":5}},"33":{"start":{"line":55,"column":30},"end":{"line":55,"column":71}},"34":{"start":{"line":56,"column":6},"end":{"line":56,"column":64}},"35":{"start":{"line":58,"column":6},"end":{"line":60,"column":7}},"36":{"start":{"line":59,"column":8},"end":{"line":59,"column":57}},"37":{"start":{"line":62,"column":6},"end":{"line":64,"column":7}},"38":{"start":{"line":63,"column":8},"end":{"line":63,"column":53}},"39":{"start":{"line":66,"column":6},"end":{"line":66,"column":31}},"40":{"start":{"line":67,"column":11},"end":{"line":90,"column":5}},"41":{"start":{"line":69,"column":6},"end":{"line":76,"column":7}},"42":{"start":{"line":70,"column":21},"end":{"line":70,"column":55}},"43":{"start":{"line":72,"column":8},"end":{"line":74,"column":9}},"44":{"start":{"line":73,"column":10},"end":{"line":73,"column":44}},"45":{"start":{"line":75,"column":8},"end":{"line":75,"column":22}},"46":{"start":{"line":80,"column":29},"end":{"line":80,"column":66}},"47":{"start":{"line":81,"column":28},"end":{"line":81,"column":58}},"48":{"start":{"line":83,"column":6},"end":{"line":85,"column":7}},"49":{"start":{"line":84,"column":8},"end":{"line":84,"column":55}},"50":{"start":{"line":87,"column":6},"end":{"line":89,"column":50}},"51":{"start":{"line":88,"column":8},"end":{"line":88,"column":51}},"52":{"start":{"line":89,"column":13},"end":{"line":89,"column":50}},"53":{"start":{"line":92,"column":4},"end":{"line":92,"column":12}},"54":{"start":{"line":96,"column":14},"end":{"line":103,"column":1}},"55":{"start":{"line":97,"column":2},"end":{"line":102,"column":3}},"56":{"start":{"line":98,"column":18},"end":{"line":98,"column":38}},"57":{"start":{"line":99,"column":4},"end":{"line":99,"column":68}},"58":{"start":{"line":101,"column":4},"end":{"line":101,"column":12}},"59":{"start":{"line":105,"column":0},"end":{"line":109,"column":2}}},"fnMap":{"0":{"name":"(anonymous_0)","decl":{"start":{"line":9,"column":16},"end":{"line":9,"column":17}},"loc":{"start":{"line":9,"column":28},"end":{"line":17,"column":1}},"line":9},"1":{"name":"(anonymous_1)","decl":{"start":{"line":19,"column":13},"end":{"line":19,"column":14}},"loc":{"start":{"line":19,"column":43},"end":{"line":26,"column":1}},"line":19},"2":{"name":"(anonymous_2)","decl":{"start":{"line":28,"column":15},"end":{"line":28,"column":16}},"loc":{"start":{"line":28,"column":47},"end":{"line":35,"column":1}},"line":28},"3":{"name":"(anonymous_3)","decl":{"start":{"line":37,"column":21},"end":{"line":37,"column":22}},"loc":{"start":{"line":37,"column":73},"end":{"line":94,"column":1}},"line":37},"4":{"name":"(anonymous_4)","decl":{"start":{"line":96,"column":14},"end":{"line":96,"column":15}},"loc":{"start":{"line":96,"column":28},"end":{"line":103,"column":1}},"line":96}},"branchMap":{"0":{"loc":{"start":{"line":42,"column":4},"end":{"line":90,"column":5}},"type":"if","locations":[{"start":{"line":42,"column":4},"end":{"line":90,"column":5}},{"start":{"line":42,"column":4},"end":{"line":90,"column":5}}],"line":42},"1":{"loc":{"start":{"line":43,"column":45},"end":{"line":43,"column":55}},"type":"binary-expr","locations":[{"start":{"line":43,"column":45},"end":{"line":43,"column":49}},{"start":{"line":43,"column":53},"end":{"line":43,"column":55}}],"line":43},"2":{"loc":{"start":{"line":45,"column":6},"end":{"line":47,"column":7}},"type":"if","locations":[{"start":{"line":45,"column":6},"end":{"line":47,"column":7}},{"start":{"line":45,"column":6},"end":{"line":47,"column":7}}],"line":45},"3":{"loc":{"start":{"line":49,"column":6},"end":{"line":51,"column":7}},"type":"if","locations":[{"start":{"line":49,"column":6},"end":{"line":51,"column":7}},{"start":{"line":49,"column":6},"end":{"line":51,"column":7}}],"line":49},"4":{"loc":{"start":{"line":49,"column":10},"end":{"line":49,"column":52}},"type":"binary-expr","locations":[{"start":{"line":49,"column":10},"end":{"line":49,"column":29}},{"start":{"line":49,"column":33},"end":{"line":49,"column":52}}],"line":49},"5":{"loc":{"start":{"line":54,"column":11},"end":{"line":90,"column":5}},"type":"if","locations":[{"start":{"line":54,"column":11},"end":{"line":90,"column":5}},{"start":{"line":54,"column":11},"end":{"line":90,"column":5}}],"line":54},"6":{"loc":{"start":{"line":54,"column":15},"end":{"line":54,"column":50}},"type":"binary-expr","locations":[{"start":{"line":54,"column":15},"end":{"line":54,"column":33}},{"start":{"line":54,"column":37},"end":{"line":54,"column":50}}],"line":54},"7":{"loc":{"start":{"line":55,"column":59},"end":{"line":55,"column":69}},"type":"binary-expr","locations":[{"start":{"line":55,"column":59},"end":{"line":55,"column":63}},{"start":{"line":55,"column":67},"end":{"line":55,"column":69}}],"line":55},"8":{"loc":{"start":{"line":56,"column":52},"end":{"line":56,"column":62}},"type":"binary-expr","locations":[{"start":{"line":56,"column":52},"end":{"line":56,"column":56}},{"start":{"line":56,"column":60},"end":{"line":56,"column":62}}],"line":56},"9":{"loc":{"start":{"line":58,"column":6},"end":{"line":60,"column":7}},"type":"if","locations":[{"start":{"line":58,"column":6},"end":{"line":60,"column":7}},{"start":{"line":58,"column":6},"end":{"line":60,"column":7}}],"line":58},"10":{"loc":{"start":{"line":62,"column":6},"end":{"line":64,"column":7}},"type":"if","locations":[{"start":{"line":62,"column":6},"end":{"line":64,"column":7}},{"start":{"line":62,"column":6},"end":{"line":64,"column":7}}],"line":62},"11":{"loc":{"start":{"line":62,"column":10},"end":{"line":62,"column":52}},"type":"binary-expr","locations":[{"start":{"line":62,"column":10},"end":{"line":62,"column":29}},{"start":{"line":62,"column":33},"end":{"line":62,"column":52}}],"line":62},"12":{"loc":{"start":{"line":67,"column":11},"end":{"line":90,"column":5}},"type":"if","locations":[{"start":{"line":67,"column":11},"end":{"line":90,"column":5}},{"start":{"line":67,"column":11},"end":{"line":90,"column":5}}],"line":67},"13":{"loc":{"start":{"line":67,"column":15},"end":{"line":67,"column":53}},"type":"binary-expr","locations":[{"start":{"line":67,"column":15},"end":{"line":67,"column":32}},{"start":{"line":67,"column":36},"end":{"line":67,"column":53}}],"line":67},"14":{"loc":{"start":{"line":69,"column":6},"end":{"line":76,"column":7}},"type":"if","locations":[{"start":{"line":69,"column":6},"end":{"line":76,"column":7}},{"start":{"line":69,"column":6},"end":{"line":76,"column":7}}],"line":69},"15":{"loc":{"start":{"line":72,"column":8},"end":{"line":74,"column":9}},"type":"if","locations":[{"start":{"line":72,"column":8},"end":{"line":74,"column":9}},{"start":{"line":72,"column":8},"end":{"line":74,"column":9}}],"line":72},"16":{"loc":{"start":{"line":72,"column":12},"end":{"line":72,"column":54}},"type":"binary-expr","locations":[{"start":{"line":72,"column":12},"end":{"line":72,"column":31}},{"start":{"line":72,"column":35},"end":{"line":72,"column":54}}],"line":72},"17":{"loc":{"start":{"line":83,"column":6},"end":{"line":85,"column":7}},"type":"if","locations":[{"start":{"line":83,"column":6},"end":{"line":85,"column":7}},{"start":{"line":83,"column":6},"end":{"line":85,"column":7}}],"line":83},"18":{"loc":{"start":{"line":87,"column":6},"end":{"line":89,"column":50}},"type":"if","locations":[{"start":{"line":87,"column":6},"end":{"line":89,"column":50}},{"start":{"line":87,"column":6},"end":{"line":89,"column":50}}],"line":87},"19":{"loc":{"start":{"line":87,"column":10},"end":{"line":87,"column":52}},"type":"binary-expr","locations":[{"start":{"line":87,"column":10},"end":{"line":87,"column":29}},{"start":{"line":87,"column":33},"end":{"line":87,"column":52}}],"line":87}},"s":{"0":3,"1":3,"2":3,"3":3,"4":3,"5":3,"6":3,"7":74,"8":74,"9":74,"10":74,"11":0,"12":3,"13":4,"14":4,"15":4,"16":0,"17":3,"18":5,"19":5,"20":5,"21":0,"22":3,"23":14,"24":14,"25":14,"26":4,"27":4,"28":1,"29":3,"30":1,"31":2,"32":10,"33":4,"34":4,"35":4,"36":1,"37":3,"38":1,"39":2,"40":6,"41":2,"42":2,"43":2,"44":1,"45":1,"46":4,"47":4,"48":4,"49":1,"50":3,"51":1,"52":1,"53":1,"54":3,"55":14,"56":14,"57":14,"58":0,"59":3},"f":{"0":74,"1":4,"2":5,"3":14,"4":14},"b":{"0":[4,10],"1":[4,2],"2":[1,3],"3":[1,2],"4":[3,1],"5":[4,6],"6":[10,6],"7":[4,3],"8":[4,3],"9":[1,3],"10":[1,2],"11":[3,1],"12":[2,4],"13":[6,4],"14":[2,0],"15":[1,1],"16":[2,1],"17":[1,3],"18":[1,1],"19":[3,2]},"_coverageSchema":"332fd63041d2c1bcb487cc26dd0d5f7d97098a6c","hash":"38d03ed4529f9b4df1d854918864b849e7519777"}
,"E:\\Tasks\\books\\api\\routes\\index.js": {"path":"E:\\Tasks\\books\\api\\routes\\index.js","statementMap":{"0":{"start":{"line":1,"column":16},"end":{"line":1,"column":34}},"1":{"start":{"line":2,"column":13},"end":{"line":2,"column":29}},"2":{"start":{"line":5,"column":23},"end":{"line":5,"column":63}},"3":{"start":{"line":6,"column":25},"end":{"line":6,"column":67}},"4":{"start":{"line":7,"column":27},"end":{"line":7,"column":71}},"5":{"start":{"line":10,"column":0},"end":{"line":13,"column":3}},"6":{"start":{"line":12,"column":2},"end":{"line":12,"column":25}},"7":{"start":{"line":16,"column":0},"end":{"line":16,"column":48}},"8":{"start":{"line":17,"column":0},"end":{"line":17,"column":48}},"9":{"start":{"line":18,"column":0},"end":{"line":18,"column":55}},"10":{"start":{"line":19,"column":0},"end":{"line":19,"column":58}},"11":{"start":{"line":20,"column":0},"end":{"line":20,"column":61}},"12":{"start":{"line":23,"column":0},"end":{"line":23,"column":52}},"13":{"start":{"line":24,"column":0},"end":{"line":24,"column":52}},"14":{"start":{"line":25,"column":0},"end":{"line":25,"column":59}},"15":{"start":{"line":26,"column":0},"end":{"line":26,"column":62}},"16":{"start":{"line":27,"column":0},"end":{"line":27,"column":65}},"17":{"start":{"line":30,"column":0},"end":{"line":30,"column":56}},"18":{"start":{"line":31,"column":0},"end":{"line":31,"column":56}},"19":{"start":{"line":32,"column":0},"end":{"line":32,"column":63}},"20":{"start":{"line":33,"column":0},"end":{"line":33,"column":66}},"21":{"start":{"line":34,"column":0},"end":{"line":34,"column":69}},"22":{"start":{"line":36,"column":0},"end":{"line":36,"column":24}}},"fnMap":{"0":{"name":"(anonymous_0)","decl":{"start":{"line":10,"column":16},"end":{"line":10,"column":17}},"loc":{"start":{"line":10,"column":41},"end":{"line":13,"column":1}},"line":10}},"branchMap":{},"s":{"0":3,"1":3,"2":3,"3":3,"4":3,"5":3,"6":0,"7":3,"8":3,"9":3,"10":3,"11":3,"12":3,"13":3,"14":3,"15":3,"16":3,"17":3,"18":3,"19":3,"20":3,"21":3,"22":3},"f":{"0":0},"b":{},"_coverageSchema":"332fd63041d2c1bcb487cc26dd0d5f7d97098a6c","hash":"d4aa239125a8bb7912b8df9ee939eed44a5f2875"}
}
