TN:
SF:E:\Tasks\books\app.js
FN:26,(anonymous_0)
FNF:1
FNH:1
FNDA:3,(anonymous_0)
DA:1,3
DA:2,3
DA:3,3
DA:4,3
DA:5,3
DA:6,3
DA:8,3
DA:10,3
DA:11,3
DA:13,3
DA:16,3
DA:19,3
DA:21,3
DA:23,3
DA:25,3
DA:26,3
DA:27,3
DA:30,3
LF:18
LH:18
BRDA:25,0,0,3
BRDA:25,0,1,3
BRF:2
BRH:2
end_of_record
TN:
SF:E:\Tasks\books\api\controllers\authorcontroller.js
FN:9,(anonymous_0)
FN:35,(anonymous_1)
FN:59,(anonymous_2)
FN:91,(anonymous_3)
FN:122,(anonymous_4)
FNF:5
FNH:5
FNDA:2,(anonymous_0)
FNDA:2,(anonymous_1)
FNDA:3,(anonymous_2)
FNDA:6,(anonymous_3)
FNDA:4,(anonymous_4)
DA:7,3
DA:9,3
DA:10,2
DA:15,2
DA:20,2
DA:21,2
DA:26,0
DA:27,0
DA:35,3
DA:36,2
DA:37,2
DA:38,2
DA:39,1
DA:43,1
DA:45,1
DA:50,0
DA:51,0
DA:59,3
DA:60,3
DA:61,3
DA:62,3
DA:65,1
DA:69,1
DA:70,2
DA:71,1
DA:75,1
DA:77,1
DA:82,0
DA:83,0
DA:91,3
DA:92,6
DA:93,6
DA:94,6
DA:95,5
DA:96,1
DA:100,1
DA:101,4
DA:102,1
DA:106,1
DA:108,3
DA:113,1
DA:114,1
DA:122,3
DA:123,4
DA:124,4
DA:129,4
DA:130,3
DA:131,2
DA:135,2
DA:137,1
DA:142,1
DA:143,1
LF:52
LH:46
BRDA:38,0,0,1
BRDA:38,0,1,1
BRDA:62,1,0,1
BRDA:62,1,1,2
BRDA:70,2,0,1
BRDA:70,2,1,1
BRDA:95,3,0,1
BRDA:95,3,1,4
BRDA:101,4,0,1
BRDA:101,4,1,3
BRDA:130,5,0,2
BRDA:130,5,1,1
BRF:12
BRH:12
end_of_record
TN:
SF:E:\Tasks\books\api\controllers\bookController.js
FN:9,(anonymous_0)
FN:36,(anonymous_1)
FN:60,(anonymous_2)
FN:84,(anonymous_3)
FN:115,(anonymous_4)
FNF:5
FNH:5
FNDA:8,(anonymous_0)
FNDA:2,(anonymous_1)
FNDA:2,(anonymous_2)
FNDA:8,(anonymous_3)
FNDA:5,(anonymous_4)
DA:7,3
DA:9,3
DA:10,8
DA:15,8
DA:21,8
DA:22,7
DA:27,1
DA:28,1
DA:36,3
DA:37,2
DA:38,2
DA:39,2
DA:40,1
DA:44,1
DA:46,1
DA:51,0
DA:52,0
DA:60,3
DA:61,2
DA:62,2
DA:63,2
DA:64,1
DA:68,1
DA:70,1
DA:75,0
DA:76,0
DA:84,3
DA:85,8
DA:86,8
DA:87,8
DA:88,7
DA:89,3
DA:93,3
DA:94,4
DA:95,1
DA:99,1
DA:101,3
DA:106,1
DA:107,1
DA:115,3
DA:116,5
DA:117,5
DA:127,5
DA:128,4
DA:129,3
DA:133,3
DA:135,1
DA:140,1
DA:141,1
LF:49
LH:45
BRDA:39,0,0,1
BRDA:39,0,1,1
BRDA:63,1,0,1
BRDA:63,1,1,1
BRDA:88,2,0,3
BRDA:88,2,1,4
BRDA:94,3,0,1
BRDA:94,3,1,3
BRDA:128,4,0,3
BRDA:128,4,1,1
BRF:10
BRH:10
end_of_record
TN:
SF:E:\Tasks\books\api\controllers\categoryController.js
FN:9,(anonymous_0)
FN:35,(anonymous_1)
FN:59,(anonymous_2)
FN:92,(anonymous_3)
FN:125,(anonymous_4)
FNF:5
FNH:5
FNDA:7,(anonymous_0)
FNDA:2,(anonymous_1)
FNDA:3,(anonymous_2)
FNDA:4,(anonymous_3)
FNDA:4,(anonymous_4)
DA:7,3
DA:9,3
DA:10,7
DA:15,7
DA:20,7
DA:21,7
DA:26,0
DA:27,0
DA:35,3
DA:36,2
DA:37,2
DA:38,2
DA:39,1
DA:43,1
DA:45,1
DA:50,0
DA:51,0
DA:59,3
DA:60,3
DA:61,3
DA:62,3
DA:66,1
DA:70,1
DA:71,2
DA:72,1
DA:76,1
DA:78,1
DA:83,0
DA:84,0
DA:92,3
DA:93,4
DA:94,4
DA:95,4
DA:96,3
DA:99,1
DA:103,1
DA:104,2
DA:105,1
DA:109,1
DA:111,1
DA:116,1
DA:117,1
DA:125,3
DA:126,4
DA:127,4
DA:130,4
DA:131,3
DA:132,1
DA:136,1
DA:138,2
DA:143,1
DA:144,1
LF:52
LH:46
BRDA:38,0,0,1
BRDA:38,0,1,1
BRDA:62,1,0,1
BRDA:62,1,1,2
BRDA:71,2,0,1
BRDA:71,2,1,1
BRDA:96,3,0,1
BRDA:96,3,1,2
BRDA:104,4,0,1
BRDA:104,4,1,1
BRDA:131,5,0,1
BRDA:131,5,1,2
BRF:12
BRH:12
end_of_record
TN:
SF:E:\Tasks\books\api\models\author.js
FN:27,(anonymous_0)
FN:34,(anonymous_1)
FN:44,(anonymous_2)
FN:74,(anonymous_3)
FN:78,(anonymous_4)
FN:110,(anonymous_5)
FN:128,(anonymous_6)
FN:139,(anonymous_7)
FNF:8
FNH:8
FNDA:6,(anonymous_0)
FNDA:130,(anonymous_1)
FNDA:4,(anonymous_2)
FNDA:6,(anonymous_3)
FNDA:182,(anonymous_4)
FNDA:3,(anonymous_5)
FNDA:32,(anonymous_6)
FNDA:2,(anonymous_7)
DA:4,3
DA:5,3
DA:6,3
DA:7,3
DA:27,3
DA:28,6
DA:29,6
DA:30,6
DA:31,6
DA:32,1
DA:34,5
DA:35,130
DA:37,5
DA:40,0
DA:44,3
DA:45,4
DA:46,4
DA:47,4
DA:49,4
DA:50,4
DA:53,4
DA:59,2
DA:64,1
DA:67,1
DA:68,1
DA:70,1
DA:74,3
DA:75,6
DA:76,6
DA:78,6
DA:79,182
DA:82,6
DA:83,1
DA:87,5
DA:92,3
DA:93,3
DA:94,3
DA:98,1
DA:102,3
DA:104,3
DA:106,1
DA:110,3
DA:111,3
DA:112,3
DA:114,3
DA:116,3
DA:117,1
DA:121,2
DA:122,132
DA:123,1
DA:128,32
DA:130,1
DA:132,1
DA:133,1
DA:135,0
DA:139,3
DA:140,2
DA:141,2
DA:142,2
DA:143,2
DA:144,2
DA:145,2
DA:147,2
DA:148,1
DA:150,1
DA:153,0
DA:157,3
LF:67
LH:64
BRDA:31,0,0,1
BRDA:31,0,1,5
BRDA:53,1,0,2
BRDA:53,1,1,1
BRDA:54,2,0,4
BRDA:54,2,1,4
BRDA:54,2,2,2
BRDA:54,2,3,2
BRDA:82,3,0,1
BRDA:82,3,1,5
BRDA:87,4,0,3
BRDA:87,4,1,1
BRDA:88,5,0,5
BRDA:88,5,1,4
BRDA:88,5,2,3
BRDA:88,5,3,2
BRDA:92,6,0,3
BRDA:92,6,1,1
BRDA:93,7,0,3
BRDA:93,7,1,1
BRDA:94,8,0,3
BRDA:94,8,1,3
BRDA:116,9,0,1
BRDA:116,9,1,2
BRDA:122,10,0,1
BRDA:122,10,1,131
BRDA:147,11,0,1
BRDA:147,11,1,1
BRDA:147,12,0,2
BRDA:147,12,1,1
BRDA:147,12,2,1
BRF:31
BRH:31
end_of_record
TN:
SF:E:\Tasks\books\api\models\book.js
FN:42,(anonymous_0)
FN:49,(anonymous_1)
FN:59,(anonymous_2)
FN:68,(anonymous_3)
FN:72,(anonymous_4)
FN:100,(anonymous_5)
FN:104,(anonymous_6)
FN:109,(anonymous_7)
FN:113,(anonymous_8)
FN:152,(anonymous_9)
FN:163,(anonymous_10)
FN:175,(anonymous_11)
FNF:12
FNH:12
FNDA:5,(anonymous_0)
FNDA:205,(anonymous_1)
FNDA:5,(anonymous_2)
FNDA:80,(anonymous_3)
FNDA:155,(anonymous_4)
FNDA:8,(anonymous_5)
FNDA:309,(anonymous_6)
FNDA:128,(anonymous_7)
FNDA:248,(anonymous_8)
FNDA:2,(anonymous_9)
FNDA:102,(anonymous_10)
FNDA:8,(anonymous_11)
DA:4,3
DA:5,3
DA:6,3
DA:7,3
DA:42,3
DA:43,5
DA:44,5
DA:45,5
DA:46,5
DA:47,1
DA:49,4
DA:50,205
DA:52,4
DA:55,0
DA:59,3
DA:60,5
DA:61,5
DA:62,5
DA:64,5
DA:65,5
DA:68,5
DA:69,80
DA:72,5
DA:73,155
DA:77,5
DA:85,3
DA:90,1
DA:93,1
DA:94,1
DA:96,1
DA:100,3
DA:101,8
DA:102,8
DA:104,8
DA:105,309
DA:109,8
DA:110,128
DA:113,8
DA:114,248
DA:117,8
DA:118,1
DA:122,7
DA:129,3
DA:130,3
DA:131,3
DA:132,3
DA:133,3
DA:134,3
DA:135,3
DA:136,3
DA:140,3
DA:144,3
DA:146,3
DA:148,1
DA:152,3
DA:153,2
DA:154,2
DA:156,2
DA:158,2
DA:159,1
DA:163,102
DA:165,1
DA:167,1
DA:169,1
DA:171,0
DA:175,3
DA:176,8
DA:177,8
DA:178,8
DA:179,8
DA:180,8
DA:181,8
DA:182,8
DA:184,8
DA:190,1
DA:192,7
DA:195,1
DA:199,3
LF:78
LH:76
BRDA:46,0,0,1
BRDA:46,0,1,4
BRDA:77,1,0,3
BRDA:77,1,1,1
BRDA:78,2,0,5
BRDA:78,2,1,5
BRDA:78,2,2,4
BRDA:78,2,3,4
BRDA:78,2,4,3
BRDA:78,2,5,1
BRDA:78,2,6,2
BRDA:78,2,7,1
BRDA:117,3,0,1
BRDA:117,3,1,7
BRDA:122,4,0,3
BRDA:122,4,1,3
BRDA:123,5,0,7
BRDA:123,5,1,5
BRDA:123,5,2,6
BRDA:123,5,3,3
BRDA:123,5,4,5
BRDA:123,5,5,1
BRDA:123,5,6,4
BRDA:123,5,7,1
BRDA:129,6,0,3
BRDA:129,6,1,1
BRDA:130,7,0,3
BRDA:130,7,1,3
BRDA:131,8,0,3
BRDA:131,8,1,3
BRDA:132,9,0,3
BRDA:132,9,1,1
BRDA:133,10,0,3
BRDA:133,10,1,3
BRDA:134,11,0,3
BRDA:134,11,1,3
BRDA:135,12,0,3
BRDA:135,12,1,3
BRDA:136,13,0,3
BRDA:136,13,1,3
BRDA:158,14,0,1
BRDA:158,14,1,1
BRDA:184,15,0,1
BRDA:184,15,1,7
BRDA:185,16,0,8
BRDA:185,16,1,3
BRDA:185,16,2,3
BRDA:185,16,3,2
BRF:48
BRH:48
end_of_record
TN:
SF:E:\Tasks\books\api\models\category.js
FN:30,(anonymous_0)
FN:37,(anonymous_1)
FN:47,(anonymous_2)
FN:71,(anonymous_3)
FN:75,(anonymous_4)
FN:104,(anonymous_5)
FN:122,(anonymous_6)
FN:133,(anonymous_7)
FNF:8
FNH:8
FNDA:6,(anonymous_0)
FNDA:79,(anonymous_1)
FNDA:4,(anonymous_2)
FNDA:4,(anonymous_3)
FNDA:63,(anonymous_4)
FNDA:3,(anonymous_5)
FNDA:18,(anonymous_6)
FNDA:7,(anonymous_7)
DA:4,3
DA:5,3
DA:6,3
DA:7,3
DA:30,3
DA:31,6
DA:32,6
DA:33,6
DA:34,6
DA:35,1
DA:37,5
DA:38,79
DA:40,5
DA:43,0
DA:47,3
DA:48,4
DA:49,4
DA:50,4
DA:52,4
DA:53,4
DA:56,4
DA:57,1
DA:62,2
DA:64,2
DA:65,2
DA:67,1
DA:71,3
DA:72,4
DA:73,4
DA:75,4
DA:76,63
DA:80,4
DA:81,1
DA:82,2
DA:83,1
DA:87,1
DA:94,1
DA:98,1
DA:100,1
DA:104,3
DA:105,3
DA:106,3
DA:108,3
DA:110,3
DA:111,1
DA:115,2
DA:116,123
DA:117,1
DA:122,18
DA:124,1
DA:126,1
DA:127,1
DA:129,0
DA:133,3
DA:134,7
DA:135,7
DA:136,7
DA:137,7
DA:138,7
DA:139,7
DA:141,7
DA:142,1
DA:144,6
DA:147,0
DA:151,3
LF:65
LH:62
BRDA:34,0,0,1
BRDA:34,0,1,5
BRDA:56,1,0,1
BRDA:56,1,1,2
BRDA:56,2,0,4
BRDA:56,2,1,4
BRDA:80,3,0,1
BRDA:80,3,1,2
BRDA:80,4,0,4
BRDA:80,4,1,4
BRDA:82,5,0,1
BRDA:82,5,1,1
BRDA:110,6,0,1
BRDA:110,6,1,2
BRDA:116,7,0,1
BRDA:116,7,1,122
BRDA:141,8,0,1
BRDA:141,8,1,6
BRDA:141,9,0,7
BRDA:141,9,1,1
BRDA:141,9,2,1
BRF:21
BRH:21
end_of_record
TN:
SF:E:\Tasks\books\api\models\db\db.js
FN:9,(anonymous_0)
FN:19,(anonymous_1)
FN:28,(anonymous_2)
FN:37,(anonymous_3)
FN:96,(anonymous_4)
FNF:5
FNH:5
FNDA:74,(anonymous_0)
FNDA:4,(anonymous_1)
FNDA:5,(anonymous_2)
FNDA:14,(anonymous_3)
FNDA:14,(anonymous_4)
DA:1,3
DA:2,3
DA:3,3
DA:4,3
DA:6,3
DA:7,3
DA:9,3
DA:10,74
DA:11,74
DA:12,74
DA:13,74
DA:15,0
DA:19,3
DA:20,4
DA:21,4
DA:22,4
DA:24,0
DA:28,3
DA:29,5
DA:30,5
DA:31,5
DA:33,0
DA:37,3
DA:38,14
DA:40,14
DA:42,14
DA:43,4
DA:45,4
DA:46,1
DA:49,3
DA:50,1
DA:53,2
DA:54,10
DA:55,4
DA:56,4
DA:58,4
DA:59,1
DA:62,3
DA:63,1
DA:66,2
DA:67,6
DA:69,2
DA:70,2
DA:72,2
DA:73,1
DA:75,1
DA:80,4
DA:81,4
DA:83,4
DA:84,1
DA:87,3
DA:88,1
DA:89,1
DA:92,1
DA:96,3
DA:97,14
DA:98,14
DA:99,14
DA:101,0
DA:105,3
LF:60
LH:56
BRDA:42,0,0,4
BRDA:42,0,1,10
BRDA:43,1,0,4
BRDA:43,1,1,2
BRDA:45,2,0,1
BRDA:45,2,1,3
BRDA:49,3,0,1
BRDA:49,3,1,2
BRDA:49,4,0,3
BRDA:49,4,1,1
BRDA:54,5,0,4
BRDA:54,5,1,6
BRDA:54,6,0,10
BRDA:54,6,1,6
BRDA:55,7,0,4
BRDA:55,7,1,3
BRDA:56,8,0,4
BRDA:56,8,1,3
BRDA:58,9,0,1
BRDA:58,9,1,3
BRDA:62,10,0,1
BRDA:62,10,1,2
BRDA:62,11,0,3
BRDA:62,11,1,1
BRDA:67,12,0,2
BRDA:67,12,1,4
BRDA:67,13,0,6
BRDA:67,13,1,4
BRDA:69,14,0,2
BRDA:69,14,1,0
BRDA:72,15,0,1
BRDA:72,15,1,1
BRDA:72,16,0,2
BRDA:72,16,1,1
BRDA:83,17,0,1
BRDA:83,17,1,3
BRDA:87,18,0,1
BRDA:87,18,1,1
BRDA:87,19,0,3
BRDA:87,19,1,2
BRF:40
BRH:39
end_of_record
TN:
SF:E:\Tasks\books\api\routes\index.js
FN:10,(anonymous_0)
FNF:1
FNH:0
FNDA:0,(anonymous_0)
DA:1,3
DA:2,3
DA:5,3
DA:6,3
DA:7,3
DA:10,3
DA:12,0
DA:16,3
DA:17,3
DA:18,3
DA:19,3
DA:20,3
DA:23,3
DA:24,3
DA:25,3
DA:26,3
DA:27,3
DA:30,3
DA:31,3
DA:32,3
DA:33,3
DA:34,3
DA:36,3
LF:23
LH:22
BRF:0
BRH:0
end_of_record
