TN:
SF:F:\ITWORX\books\app.js
FN:26,(anonymous_0)
FNF:1
FNH:1
FNDA:2,(anonymous_0)
DA:1,2
DA:2,2
DA:3,2
DA:4,2
DA:5,2
DA:6,2
DA:8,2
DA:10,2
DA:11,2
DA:13,2
DA:16,2
DA:19,2
DA:21,2
DA:23,2
DA:25,2
DA:26,2
DA:27,2
DA:30,2
LF:18
LH:18
BRDA:25,0,0,2
BRDA:25,0,1,2
BRF:2
BRH:2
end_of_record
TN:
SF:F:\ITWORX\books\api\controllers\authorcontroller.js
FN:9,(anonymous_0)
FN:35,(anonymous_1)
FN:59,(anonymous_2)
FN:91,(anonymous_3)
FN:122,(anonymous_4)
FNF:5
FNH:5
FNDA:1,(anonymous_0)
FNDA:2,(anonymous_1)
FNDA:3,(anonymous_2)
FNDA:3,(anonymous_3)
FNDA:3,(anonymous_4)
DA:7,2
DA:9,2
DA:10,1
DA:15,1
DA:20,1
DA:21,1
DA:26,0
DA:27,0
DA:35,2
DA:36,2
DA:37,2
DA:38,2
DA:39,1
DA:43,1
DA:45,1
DA:50,0
DA:51,0
DA:59,2
DA:60,3
DA:61,3
DA:62,3
DA:65,1
DA:69,1
DA:70,2
DA:71,1
DA:75,1
DA:77,1
DA:82,0
DA:83,0
DA:91,2
DA:92,3
DA:93,3
DA:94,3
DA:95,3
DA:96,1
DA:100,1
DA:101,2
DA:102,1
DA:106,1
DA:108,1
DA:113,0
DA:114,0
DA:122,2
DA:123,3
DA:124,3
DA:129,3
DA:130,3
DA:131,2
DA:135,2
DA:137,1
DA:142,0
DA:143,0
LF:52
LH:42
BRDA:38,0,0,1
BRDA:38,0,1,1
BRDA:62,1,0,1
BRDA:62,1,1,2
BRDA:70,2,0,1
BRDA:70,2,1,1
BRDA:95,3,0,1
BRDA:95,3,1,2
BRDA:101,4,0,1
BRDA:101,4,1,1
BRDA:130,5,0,2
BRDA:130,5,1,1
BRF:12
BRH:12
end_of_record
TN:
SF:F:\ITWORX\books\api\controllers\bookController.js
FN:9,(anonymous_0)
FN:35,(anonymous_1)
FN:59,(anonymous_2)
FN:76,(anonymous_3)
FN:101,(anonymous_4)
FNF:5
FNH:0
FNDA:0,(anonymous_0)
FNDA:0,(anonymous_1)
FNDA:0,(anonymous_2)
FNDA:0,(anonymous_3)
FNDA:0,(anonymous_4)
DA:7,2
DA:9,2
DA:10,0
DA:15,0
DA:20,0
DA:21,0
DA:26,0
DA:27,0
DA:35,2
DA:36,0
DA:37,0
DA:38,0
DA:39,0
DA:43,0
DA:45,0
DA:50,0
DA:51,0
DA:59,2
DA:60,0
DA:61,0
DA:62,0
DA:67,0
DA:68,0
DA:76,2
DA:77,0
DA:78,0
DA:79,0
DA:80,0
DA:81,0
DA:85,0
DA:87,0
DA:92,0
DA:93,0
DA:101,2
DA:102,0
DA:103,0
DA:113,0
DA:114,0
DA:115,0
DA:119,0
DA:121,0
DA:126,0
DA:127,0
LF:43
LH:6
BRDA:38,0,0,0
BRDA:38,0,1,0
BRDA:80,1,0,0
BRDA:80,1,1,0
BRDA:114,2,0,0
BRDA:114,2,1,0
BRF:6
BRH:0
end_of_record
TN:
SF:F:\ITWORX\books\api\controllers\categoryController.js
FN:9,(anonymous_0)
FN:35,(anonymous_1)
FN:59,(anonymous_2)
FN:90,(anonymous_3)
FN:121,(anonymous_4)
FNF:5
FNH:5
FNDA:1,(anonymous_0)
FNDA:2,(anonymous_1)
FNDA:3,(anonymous_2)
FNDA:3,(anonymous_3)
FNDA:3,(anonymous_4)
DA:7,2
DA:9,2
DA:10,1
DA:15,1
DA:20,1
DA:21,1
DA:26,0
DA:27,0
DA:35,2
DA:36,2
DA:37,2
DA:38,2
DA:39,1
DA:43,1
DA:45,1
DA:50,0
DA:51,0
DA:59,2
DA:60,3
DA:61,3
DA:62,3
DA:63,1
DA:67,1
DA:69,2
DA:70,1
DA:74,1
DA:76,1
DA:81,0
DA:82,0
DA:90,2
DA:91,3
DA:92,3
DA:93,3
DA:94,3
DA:95,1
DA:99,1
DA:100,2
DA:101,1
DA:105,1
DA:107,1
DA:112,0
DA:113,0
DA:121,2
DA:122,3
DA:123,3
DA:126,3
DA:127,3
DA:128,1
DA:132,1
DA:134,2
DA:139,0
DA:140,0
LF:52
LH:42
BRDA:38,0,0,1
BRDA:38,0,1,1
BRDA:62,1,0,1
BRDA:62,1,1,2
BRDA:69,2,0,1
BRDA:69,2,1,1
BRDA:94,3,0,1
BRDA:94,3,1,2
BRDA:100,4,0,1
BRDA:100,4,1,1
BRDA:127,5,0,1
BRDA:127,5,1,2
BRF:12
BRH:12
end_of_record
TN:
SF:F:\ITWORX\books\api\models\author.js
FN:27,(anonymous_0)
FN:34,(anonymous_1)
FN:44,(anonymous_2)
FN:74,(anonymous_3)
FN:78,(anonymous_4)
FN:110,(anonymous_5)
FN:128,(anonymous_6)
FN:139,(anonymous_7)
FNF:8
FNH:8
FNDA:6,(anonymous_0)
FNDA:130,(anonymous_1)
FNDA:3,(anonymous_2)
FNDA:3,(anonymous_3)
FNDA:92,(anonymous_4)
FNDA:3,(anonymous_5)
FNDA:32,(anonymous_6)
FNDA:1,(anonymous_7)
DA:4,2
DA:5,2
DA:6,2
DA:7,2
DA:27,2
DA:28,6
DA:29,6
DA:30,6
DA:31,6
DA:32,1
DA:34,5
DA:35,130
DA:37,5
DA:40,0
DA:44,2
DA:45,3
DA:46,3
DA:47,3
DA:49,3
DA:50,3
DA:53,3
DA:59,2
DA:64,1
DA:67,1
DA:68,1
DA:70,0
DA:74,2
DA:75,3
DA:76,3
DA:78,3
DA:79,92
DA:82,3
DA:83,1
DA:87,2
DA:92,1
DA:93,1
DA:94,1
DA:98,1
DA:102,1
DA:104,1
DA:106,0
DA:110,2
DA:111,3
DA:112,3
DA:114,3
DA:116,3
DA:117,1
DA:121,2
DA:122,131
DA:123,1
DA:128,32
DA:130,1
DA:132,1
DA:133,1
DA:135,0
DA:139,2
DA:140,1
DA:141,1
DA:142,1
DA:143,1
DA:144,1
DA:145,1
DA:146,1
DA:148,1
DA:149,1
DA:150,0
DA:151,0
DA:153,0
DA:157,0
DA:160,0
DA:161,0
DA:163,0
DA:164,0
DA:166,0
DA:170,0
DA:173,0
DA:176,0
DA:177,0
DA:179,0
DA:183,0
DA:184,0
DA:187,0
DA:191,2
LF:83
LH:62
BRDA:31,0,0,1
BRDA:31,0,1,5
BRDA:53,1,0,2
BRDA:53,1,1,1
BRDA:54,2,0,3
BRDA:54,2,1,3
BRDA:54,2,2,2
BRDA:54,2,3,2
BRDA:82,3,0,1
BRDA:82,3,1,2
BRDA:87,4,0,1
BRDA:87,4,1,1
BRDA:88,5,0,2
BRDA:88,5,1,2
BRDA:88,5,2,1
BRDA:88,5,3,1
BRDA:92,6,0,1
BRDA:92,6,1,0
BRDA:93,7,0,1
BRDA:93,7,1,0
BRDA:94,8,0,1
BRDA:94,8,1,1
BRDA:116,9,0,1
BRDA:116,9,1,2
BRDA:122,10,0,1
BRDA:122,10,1,130
BRDA:148,11,0,1
BRDA:148,11,1,0
BRDA:148,12,0,1
BRDA:148,12,1,1
BRDA:148,12,2,1
BRDA:150,13,0,0
BRDA:150,13,1,0
BRDA:150,14,0,0
BRDA:150,14,1,0
BRDA:151,15,0,0
BRDA:151,15,1,0
BRDA:153,16,0,0
BRDA:153,16,1,0
BRDA:154,17,0,0
BRDA:154,17,1,0
BRDA:154,17,2,0
BRDA:161,18,0,0
BRDA:161,18,1,0
BRDA:161,19,0,0
BRDA:161,19,1,0
BRDA:163,20,0,0
BRDA:163,20,1,0
BRDA:164,21,0,0
BRDA:164,21,1,0
BRDA:166,22,0,0
BRDA:166,22,1,0
BRDA:167,23,0,0
BRDA:167,23,1,0
BRDA:167,23,2,0
BRDA:179,24,0,0
BRDA:179,24,1,0
BRDA:180,25,0,0
BRDA:180,25,1,0
BRDA:180,25,2,0
BRF:60
BRH:28
end_of_record
TN:
SF:F:\ITWORX\books\api\models\book.js
FN:42,(anonymous_0)
FN:49,(anonymous_1)
FN:59,(anonymous_2)
FN:68,(anonymous_3)
FN:72,(anonymous_4)
FN:100,(anonymous_5)
FN:104,(anonymous_6)
FN:109,(anonymous_7)
FN:113,(anonymous_8)
FN:149,(anonymous_9)
FN:155,(anonymous_10)
FN:167,(anonymous_11)
FNF:12
FNH:0
FNDA:0,(anonymous_0)
FNDA:0,(anonymous_1)
FNDA:0,(anonymous_2)
FNDA:0,(anonymous_3)
FNDA:0,(anonymous_4)
FNDA:0,(anonymous_5)
FNDA:0,(anonymous_6)
FNDA:0,(anonymous_7)
FNDA:0,(anonymous_8)
FNDA:0,(anonymous_9)
FNDA:0,(anonymous_10)
FNDA:0,(anonymous_11)
DA:4,2
DA:5,2
DA:6,2
DA:7,2
DA:42,2
DA:43,0
DA:44,0
DA:45,0
DA:46,0
DA:47,0
DA:49,0
DA:50,0
DA:52,0
DA:55,0
DA:59,2
DA:60,0
DA:61,0
DA:62,0
DA:64,0
DA:65,0
DA:68,0
DA:69,0
DA:72,0
DA:73,0
DA:77,0
DA:85,0
DA:90,0
DA:93,0
DA:94,0
DA:96,0
DA:100,2
DA:101,0
DA:102,0
DA:104,0
DA:105,0
DA:109,0
DA:110,0
DA:113,0
DA:114,0
DA:119,0
DA:126,0
DA:127,0
DA:128,0
DA:129,0
DA:130,0
DA:131,0
DA:132,0
DA:133,0
DA:137,0
DA:141,0
DA:143,0
DA:145,0
DA:149,2
DA:150,0
DA:151,0
DA:153,0
DA:155,0
DA:157,0
DA:159,0
DA:161,0
DA:163,0
DA:167,2
DA:168,0
DA:169,0
DA:170,0
DA:171,0
DA:172,0
DA:173,0
DA:174,0
DA:176,0
DA:177,0
DA:178,0
DA:179,0
DA:183,0
DA:187,0
DA:190,0
DA:191,0
DA:193,0
DA:194,0
DA:196,0
DA:200,0
DA:203,0
DA:206,0
DA:207,0
DA:209,0
DA:213,0
DA:214,0
DA:217,0
DA:221,2
LF:89
LH:10
BRDA:46,0,0,0
BRDA:46,0,1,0
BRDA:77,1,0,0
BRDA:77,1,1,0
BRDA:78,2,0,0
BRDA:78,2,1,0
BRDA:78,2,2,0
BRDA:78,2,3,0
BRDA:78,2,4,0
BRDA:78,2,5,0
BRDA:78,2,6,0
BRDA:78,2,7,0
BRDA:119,3,0,0
BRDA:119,3,1,0
BRDA:120,4,0,0
BRDA:120,4,1,0
BRDA:120,4,2,0
BRDA:120,4,3,0
BRDA:120,4,4,0
BRDA:120,4,5,0
BRDA:120,4,6,0
BRDA:120,4,7,0
BRDA:126,5,0,0
BRDA:126,5,1,0
BRDA:127,6,0,0
BRDA:127,6,1,0
BRDA:128,7,0,0
BRDA:128,7,1,0
BRDA:129,8,0,0
BRDA:129,8,1,0
BRDA:130,9,0,0
BRDA:130,9,1,0
BRDA:131,10,0,0
BRDA:131,10,1,0
BRDA:132,11,0,0
BRDA:132,11,1,0
BRDA:133,12,0,0
BRDA:133,12,1,0
BRDA:176,13,0,0
BRDA:176,13,1,0
BRDA:176,14,0,0
BRDA:176,14,1,0
BRDA:176,14,2,0
BRDA:178,15,0,0
BRDA:178,15,1,0
BRDA:178,16,0,0
BRDA:178,16,1,0
BRDA:178,16,2,0
BRDA:183,17,0,0
BRDA:183,17,1,0
BRDA:184,18,0,0
BRDA:184,18,1,0
BRDA:184,18,2,0
BRDA:191,19,0,0
BRDA:191,19,1,0
BRDA:191,20,0,0
BRDA:191,20,1,0
BRDA:193,21,0,0
BRDA:193,21,1,0
BRDA:194,22,0,0
BRDA:194,22,1,0
BRDA:196,23,0,0
BRDA:196,23,1,0
BRDA:197,24,0,0
BRDA:197,24,1,0
BRDA:197,24,2,0
BRDA:209,25,0,0
BRDA:209,25,1,0
BRDA:210,26,0,0
BRDA:210,26,1,0
BRDA:210,26,2,0
BRF:71
BRH:0
end_of_record
TN:
SF:F:\ITWORX\books\api\models\category.js
FN:30,(anonymous_0)
FN:37,(anonymous_1)
FN:47,(anonymous_2)
FN:71,(anonymous_3)
FN:75,(anonymous_4)
FN:105,(anonymous_5)
FN:123,(anonymous_6)
FN:134,(anonymous_7)
FNF:8
FNH:8
FNDA:6,(anonymous_0)
FNDA:79,(anonymous_1)
FNDA:3,(anonymous_2)
FNDA:3,(anonymous_3)
FNDA:48,(anonymous_4)
FNDA:3,(anonymous_5)
FNDA:18,(anonymous_6)
FNDA:1,(anonymous_7)
DA:4,2
DA:5,2
DA:6,2
DA:7,2
DA:30,2
DA:31,6
DA:32,6
DA:33,6
DA:34,6
DA:35,1
DA:37,5
DA:38,79
DA:40,5
DA:43,0
DA:47,2
DA:48,3
DA:49,3
DA:50,3
DA:52,3
DA:53,3
DA:56,3
DA:57,1
DA:62,2
DA:64,2
DA:65,2
DA:67,0
DA:71,2
DA:72,3
DA:73,3
DA:75,3
DA:76,48
DA:80,3
DA:81,1
DA:83,2
DA:84,1
DA:88,1
DA:95,1
DA:99,1
DA:101,0
DA:105,2
DA:106,3
DA:107,3
DA:109,3
DA:111,3
DA:112,1
DA:116,2
DA:117,122
DA:118,1
DA:123,18
DA:125,1
DA:127,1
DA:128,1
DA:130,0
DA:134,2
DA:135,1
DA:136,1
DA:137,1
DA:138,1
DA:139,1
DA:140,1
DA:141,1
DA:143,1
DA:144,1
DA:145,0
DA:146,0
DA:148,0
DA:149,0
DA:152,0
DA:153,0
DA:155,0
DA:156,0
DA:158,0
DA:159,0
DA:162,0
DA:165,0
DA:166,0
DA:168,0
DA:169,0
DA:170,0
DA:173,0
DA:177,2
LF:81
LH:60
BRDA:34,0,0,1
BRDA:34,0,1,5
BRDA:56,1,0,1
BRDA:56,1,1,2
BRDA:56,2,0,3
BRDA:56,2,1,3
BRDA:80,3,0,1
BRDA:80,3,1,2
BRDA:80,4,0,3
BRDA:80,4,1,3
BRDA:83,5,0,1
BRDA:83,5,1,1
BRDA:111,6,0,1
BRDA:111,6,1,2
BRDA:117,7,0,1
BRDA:117,7,1,121
BRDA:143,8,0,1
BRDA:143,8,1,0
BRDA:143,9,0,1
BRDA:143,9,1,1
BRDA:143,9,2,1
BRDA:145,10,0,0
BRDA:145,10,1,0
BRDA:145,11,0,0
BRDA:145,11,1,0
BRDA:146,12,0,0
BRDA:146,12,1,0
BRDA:148,13,0,0
BRDA:148,13,1,0
BRDA:148,14,0,0
BRDA:148,14,1,0
BRDA:153,15,0,0
BRDA:153,15,1,0
BRDA:153,16,0,0
BRDA:153,16,1,0
BRDA:155,17,0,0
BRDA:155,17,1,0
BRDA:156,18,0,0
BRDA:156,18,1,0
BRDA:158,19,0,0
BRDA:158,19,1,0
BRDA:158,20,0,0
BRDA:158,20,1,0
BRDA:168,21,0,0
BRDA:168,21,1,0
BRDA:168,22,0,0
BRDA:168,22,1,0
BRF:47
BRH:20
end_of_record
TN:
SF:F:\ITWORX\books\api\models\db\db.js
FN:9,(anonymous_0)
FN:19,(anonymous_1)
FN:28,(anonymous_2)
FNF:3
FNH:2
FNDA:33,(anonymous_0)
FNDA:0,(anonymous_1)
FNDA:7,(anonymous_2)
DA:1,2
DA:2,2
DA:3,2
DA:4,2
DA:6,2
DA:7,2
DA:9,2
DA:10,33
DA:11,33
DA:12,33
DA:13,33
DA:15,0
DA:19,2
DA:20,0
DA:21,0
DA:22,0
DA:24,0
DA:28,2
DA:29,7
DA:30,7
DA:33,2
LF:21
LH:16
BRF:0
BRH:0
end_of_record
TN:
SF:F:\ITWORX\books\api\routes\index.js
FN:10,(anonymous_0)
FNF:1
FNH:0
FNDA:0,(anonymous_0)
DA:1,2
DA:2,2
DA:5,2
DA:6,2
DA:7,2
DA:10,2
DA:12,0
DA:16,2
DA:17,2
DA:18,2
DA:19,2
DA:20,2
DA:23,2
DA:24,2
DA:25,2
DA:26,2
DA:27,2
DA:30,2
DA:31,2
DA:32,2
DA:33,2
DA:34,2
DA:36,2
LF:23
LH:22
BRF:0
BRH:0
end_of_record
